{"C:\\Users\\Amit\\OneDrive\\Desktop\\Habitify\\Frontend\\src\\App.jsx": {"path":"C:\\Users\\Amit\\OneDrive\\Desktop\\Habitify\\Frontend\\src\\App.jsx","statementMap":{"0":{"start":{"line":19,"column":2},"end":{"line":43,"column":5}}},"fnMap":{"0":{"name":"App","decl":{"start":{"line":18,"column":24},"end":{"line":18,"column":27}},"loc":{"start":{"line":18,"column":30},"end":{"line":44,"column":1}},"line":18}},"branchMap":{},"s":{"0":2},"f":{"0":2},"b":{},"_coverageSchema":"1a1c01bbd47fc00a2c39e90264f33305004495a9","hash":"cd5d0c1ca75ecec49f47300f0efa169dcbab0406"}
,"C:\\Users\\Amit\\OneDrive\\Desktop\\Habitify\\Frontend\\src\\main.jsx": {"path":"C:\\Users\\Amit\\OneDrive\\Desktop\\Habitify\\Frontend\\src\\main.jsx","statementMap":{"0":{"start":{"line":9,"column":0},"end":{"line":20,"column":1}}},"fnMap":{},"branchMap":{},"s":{"0":0},"f":{},"b":{}}
,"C:\\Users\\Amit\\OneDrive\\Desktop\\Habitify\\Frontend\\src\\pages\\Chat.jsx": {"path":"C:\\Users\\Amit\\OneDrive\\Desktop\\Habitify\\Frontend\\src\\pages\\Chat.jsx","statementMap":{"0":{"start":{"line":6,"column":15},"end":{"line":6,"column":42}},"1":{"start":{"line":9,"column":23},"end":{"line":9,"column":34}},"2":{"start":{"line":10,"column":26},"end":{"line":10,"column":60}},"3":{"start":{"line":10,"column":49},"end":{"line":10,"column":59}},"4":{"start":{"line":11,"column":34},"end":{"line":11,"column":46}},"5":{"start":{"line":12,"column":38},"end":{"line":12,"column":50}},"6":{"start":{"line":13,"column":30},"end":{"line":13,"column":44}},"7":{"start":{"line":14,"column":25},"end":{"line":14,"column":37}},"8":{"start":{"line":16,"column":2},"end":{"line":55,"column":30}},"9":{"start":{"line":17,"column":22},"end":{"line":25,"column":5}},"10":{"start":{"line":18,"column":6},"end":{"line":24,"column":7}},"11":{"start":{"line":19,"column":20},"end":{"line":19,"column":64}},"12":{"start":{"line":20,"column":21},"end":{"line":20,"column":37}},"13":{"start":{"line":21,"column":8},"end":{"line":21,"column":26}},"14":{"start":{"line":23,"column":8},"end":{"line":23,"column":50}},"15":{"start":{"line":27,"column":31},"end":{"line":41,"column":5}},"16":{"start":{"line":28,"column":6},"end":{"line":40,"column":7}},"17":{"start":{"line":29,"column":20},"end":{"line":34,"column":10}},"18":{"start":{"line":35,"column":21},"end":{"line":35,"column":37}},"19":{"start":{"line":36,"column":27},"end":{"line":36,"column":73}},"20":{"start":{"line":36,"column":49},"end":{"line":36,"column":72}},"21":{"start":{"line":37,"column":8},"end":{"line":37,"column":30}},"22":{"start":{"line":39,"column":8},"end":{"line":39,"column":60}},"23":{"start":{"line":43,"column":4},"end":{"line":43,"column":16}},"24":{"start":{"line":44,"column":4},"end":{"line":44,"column":25}},"25":{"start":{"line":46,"column":4},"end":{"line":46,"column":41}},"26":{"start":{"line":48,"column":4},"end":{"line":50,"column":7}},"27":{"start":{"line":49,"column":6},"end":{"line":49,"column":64}},"28":{"start":{"line":49,"column":36},"end":{"line":49,"column":62}},"29":{"start":{"line":52,"column":4},"end":{"line":54,"column":6}},"30":{"start":{"line":53,"column":6},"end":{"line":53,"column":31}},"31":{"start":{"line":57,"column":22},"end":{"line":70,"column":3}},"32":{"start":{"line":58,"column":4},"end":{"line":58,"column":35}},"33":{"start":{"line":58,"column":28},"end":{"line":58,"column":35}},"34":{"start":{"line":60,"column":24},"end":{"line":65,"column":5}},"35":{"start":{"line":67,"column":4},"end":{"line":67,"column":44}},"36":{"start":{"line":68,"column":4},"end":{"line":68,"column":50}},"37":{"start":{"line":68,"column":26},"end":{"line":68,"column":48}},"38":{"start":{"line":69,"column":4},"end":{"line":69,"column":22}},"39":{"start":{"line":72,"column":25},"end":{"line":74,"column":3}},"40":{"start":{"line":73,"column":4},"end":{"line":73,"column":67}},"41":{"start":{"line":76,"column":2},"end":{"line":78,"column":17}},"42":{"start":{"line":77,"column":4},"end":{"line":77,"column":21}},"43":{"start":{"line":80,"column":25},"end":{"line":84,"column":3}},"44":{"start":{"line":81,"column":4},"end":{"line":83,"column":5}},"45":{"start":{"line":82,"column":6},"end":{"line":82,"column":20}},"46":{"start":{"line":87,"column":28},"end":{"line":110,"column":3}},"47":{"start":{"line":88,"column":24},"end":{"line":88,"column":43}},"48":{"start":{"line":89,"column":18},"end":{"line":89,"column":28}},"49":{"start":{"line":90,"column":22},"end":{"line":90,"column":37}},"50":{"start":{"line":91,"column":4},"end":{"line":91,"column":47}},"51":{"start":{"line":94,"column":23},"end":{"line":94,"column":105}},"52":{"start":{"line":95,"column":21},"end":{"line":95,"column":85}},"53":{"start":{"line":96,"column":25},"end":{"line":96,"column":101}},"54":{"start":{"line":98,"column":4},"end":{"line":109,"column":5}},"55":{"start":{"line":99,"column":6},"end":{"line":99,"column":21}},"56":{"start":{"line":100,"column":11},"end":{"line":109,"column":5}},"57":{"start":{"line":101,"column":6},"end":{"line":101,"column":25}},"58":{"start":{"line":103,"column":6},"end":{"line":108,"column":9}},"59":{"start":{"line":113,"column":30},"end":{"line":150,"column":3}},"60":{"start":{"line":114,"column":19},"end":{"line":114,"column":21}},"61":{"start":{"line":115,"column":22},"end":{"line":115,"column":26}},"62":{"start":{"line":116,"column":23},"end":{"line":116,"column":25}},"63":{"start":{"line":118,"column":4},"end":{"line":139,"column":7}},"64":{"start":{"line":119,"column":26},"end":{"line":119,"column":53}},"65":{"start":{"line":120,"column":25},"end":{"line":124,"column":21}},"66":{"start":{"line":126,"column":6},"end":{"line":138,"column":7}},"67":{"start":{"line":127,"column":8},"end":{"line":133,"column":9}},"68":{"start":{"line":128,"column":10},"end":{"line":132,"column":13}},"69":{"start":{"line":134,"column":8},"end":{"line":134,"column":33}},"70":{"start":{"line":135,"column":8},"end":{"line":135,"column":33}},"71":{"start":{"line":137,"column":8},"end":{"line":137,"column":35}},"72":{"start":{"line":141,"column":4},"end":{"line":147,"column":5}},"73":{"start":{"line":142,"column":6},"end":{"line":146,"column":9}},"74":{"start":{"line":149,"column":4},"end":{"line":149,"column":18}},"75":{"start":{"line":152,"column":24},"end":{"line":152,"column":45}},"76":{"start":{"line":154,"column":2},"end":{"line":222,"column":4}},"77":{"start":{"line":171,"column":10},"end":{"line":200,"column":16}},"78":{"start":{"line":179,"column":31},"end":{"line":179,"column":61}},"79":{"start":{"line":180,"column":14},"end":{"line":198,"column":16}},"80":{"start":{"line":209,"column":27},"end":{"line":209,"column":56}}},"fnMap":{"0":{"name":"Chat","decl":{"start":{"line":8,"column":24},"end":{"line":8,"column":28}},"loc":{"start":{"line":8,"column":31},"end":{"line":223,"column":1}},"line":8},"1":{"name":"(anonymous_1)","decl":{"start":{"line":10,"column":38},"end":{"line":10,"column":39}},"loc":{"start":{"line":10,"column":49},"end":{"line":10,"column":59}},"line":10},"2":{"name":"(anonymous_2)","decl":{"start":{"line":16,"column":12},"end":{"line":16,"column":13}},"loc":{"start":{"line":16,"column":18},"end":{"line":55,"column":3}},"line":16},"3":{"name":"(anonymous_3)","decl":{"start":{"line":17,"column":22},"end":{"line":17,"column":23}},"loc":{"start":{"line":17,"column":34},"end":{"line":25,"column":5}},"line":17},"4":{"name":"(anonymous_4)","decl":{"start":{"line":27,"column":31},"end":{"line":27,"column":32}},"loc":{"start":{"line":27,"column":43},"end":{"line":41,"column":5}},"line":27},"5":{"name":"(anonymous_5)","decl":{"start":{"line":36,"column":37},"end":{"line":36,"column":38}},"loc":{"start":{"line":36,"column":49},"end":{"line":36,"column":72}},"line":36},"6":{"name":"(anonymous_6)","decl":{"start":{"line":48,"column":28},"end":{"line":48,"column":29}},"loc":{"start":{"line":48,"column":41},"end":{"line":50,"column":5}},"line":48},"7":{"name":"(anonymous_7)","decl":{"start":{"line":49,"column":18},"end":{"line":49,"column":19}},"loc":{"start":{"line":49,"column":36},"end":{"line":49,"column":62}},"line":49},"8":{"name":"(anonymous_8)","decl":{"start":{"line":52,"column":11},"end":{"line":52,"column":12}},"loc":{"start":{"line":52,"column":17},"end":{"line":54,"column":5}},"line":52},"9":{"name":"(anonymous_9)","decl":{"start":{"line":57,"column":22},"end":{"line":57,"column":23}},"loc":{"start":{"line":57,"column":28},"end":{"line":70,"column":3}},"line":57},"10":{"name":"(anonymous_10)","decl":{"start":{"line":68,"column":16},"end":{"line":68,"column":17}},"loc":{"start":{"line":68,"column":26},"end":{"line":68,"column":48}},"line":68},"11":{"name":"(anonymous_11)","decl":{"start":{"line":72,"column":25},"end":{"line":72,"column":26}},"loc":{"start":{"line":72,"column":31},"end":{"line":74,"column":3}},"line":72},"12":{"name":"(anonymous_12)","decl":{"start":{"line":76,"column":12},"end":{"line":76,"column":13}},"loc":{"start":{"line":76,"column":18},"end":{"line":78,"column":3}},"line":76},"13":{"name":"(anonymous_13)","decl":{"start":{"line":80,"column":25},"end":{"line":80,"column":26}},"loc":{"start":{"line":80,"column":32},"end":{"line":84,"column":3}},"line":80},"14":{"name":"(anonymous_14)","decl":{"start":{"line":87,"column":28},"end":{"line":87,"column":29}},"loc":{"start":{"line":87,"column":43},"end":{"line":110,"column":3}},"line":87},"15":{"name":"(anonymous_15)","decl":{"start":{"line":113,"column":30},"end":{"line":113,"column":31}},"loc":{"start":{"line":113,"column":36},"end":{"line":150,"column":3}},"line":113},"16":{"name":"(anonymous_16)","decl":{"start":{"line":118,"column":21},"end":{"line":118,"column":22}},"loc":{"start":{"line":118,"column":32},"end":{"line":139,"column":5}},"line":118},"17":{"name":"(anonymous_17)","decl":{"start":{"line":170,"column":27},"end":{"line":170,"column":28}},"loc":{"start":{"line":171,"column":10},"end":{"line":200,"column":16}},"line":171},"18":{"name":"(anonymous_18)","decl":{"start":{"line":178,"column":32},"end":{"line":178,"column":33}},"loc":{"start":{"line":178,"column":51},"end":{"line":199,"column":13}},"line":178},"19":{"name":"(anonymous_19)","decl":{"start":{"line":209,"column":20},"end":{"line":209,"column":21}},"loc":{"start":{"line":209,"column":27},"end":{"line":209,"column":56}},"line":209}},"branchMap":{"0":{"loc":{"start":{"line":58,"column":4},"end":{"line":58,"column":35}},"type":"if","locations":[{"start":{"line":58,"column":4},"end":{"line":58,"column":35}},{"start":{},"end":{}}],"line":58},"1":{"loc":{"start":{"line":81,"column":4},"end":{"line":83,"column":5}},"type":"if","locations":[{"start":{"line":81,"column":4},"end":{"line":83,"column":5}},{"start":{},"end":{}}],"line":81},"2":{"loc":{"start":{"line":98,"column":4},"end":{"line":109,"column":5}},"type":"if","locations":[{"start":{"line":98,"column":4},"end":{"line":109,"column":5}},{"start":{"line":100,"column":11},"end":{"line":109,"column":5}}],"line":98},"3":{"loc":{"start":{"line":100,"column":11},"end":{"line":109,"column":5}},"type":"if","locations":[{"start":{"line":100,"column":11},"end":{"line":109,"column":5}},{"start":{"line":102,"column":11},"end":{"line":109,"column":5}}],"line":100},"4":{"loc":{"start":{"line":126,"column":6},"end":{"line":138,"column":7}},"type":"if","locations":[{"start":{"line":126,"column":6},"end":{"line":138,"column":7}},{"start":{"line":136,"column":13},"end":{"line":138,"column":7}}],"line":126},"5":{"loc":{"start":{"line":127,"column":8},"end":{"line":133,"column":9}},"type":"if","locations":[{"start":{"line":127,"column":8},"end":{"line":133,"column":9}},{"start":{},"end":{}}],"line":127},"6":{"loc":{"start":{"line":141,"column":4},"end":{"line":147,"column":5}},"type":"if","locations":[{"start":{"line":141,"column":4},"end":{"line":147,"column":5}},{"start":{},"end":{}}],"line":141},"7":{"loc":{"start":{"line":157,"column":9},"end":{"line":163,"column":9}},"type":"binary-expr","locations":[{"start":{"line":157,"column":9},"end":{"line":157,"column":15}},{"start":{"line":157,"column":19},"end":{"line":157,"column":36}},{"start":{"line":158,"column":10},"end":{"line":162,"column":12}}],"line":157},"8":{"loc":{"start":{"line":165,"column":11},"end":{"line":165,"column":50}},"type":"cond-expr","locations":[{"start":{"line":165,"column":20},"end":{"line":165,"column":35}},{"start":{"line":165,"column":38},"end":{"line":165,"column":50}}],"line":165},"9":{"loc":{"start":{"line":183,"column":37},"end":{"line":183,"column":79}},"type":"cond-expr","locations":[{"start":{"line":183,"column":48},"end":{"line":183,"column":61}},{"start":{"line":183,"column":64},"end":{"line":183,"column":79}}],"line":183},"10":{"loc":{"start":{"line":187,"column":22},"end":{"line":189,"column":66}},"type":"cond-expr","locations":[{"start":{"line":188,"column":26},"end":{"line":188,"column":66}},{"start":{"line":189,"column":26},"end":{"line":189,"column":66}}],"line":187},"11":{"loc":{"start":{"line":193,"column":61},"end":{"line":193,"column":105}},"type":"cond-expr","locations":[{"start":{"line":193,"column":72},"end":{"line":193,"column":87}},{"start":{"line":193,"column":90},"end":{"line":193,"column":105}}],"line":193}},"s":{"0":1,"1":0,"2":0,"3":0,"4":0,"5":0,"6":0,"7":0,"8":0,"9":0,"10":0,"11":0,"12":0,"13":0,"14":0,"15":0,"16":0,"17":0,"18":0,"19":0,"20":0,"21":0,"22":0,"23":0,"24":0,"25":0,"26":0,"27":0,"28":0,"29":0,"30":0,"31":0,"32":0,"33":0,"34":0,"35":0,"36":0,"37":0,"38":0,"39":0,"40":0,"41":0,"42":0,"43":0,"44":0,"45":0,"46":0,"47":0,"48":0,"49":0,"50":0,"51":0,"52":0,"53":0,"54":0,"55":0,"56":0,"57":0,"58":0,"59":0,"60":0,"61":0,"62":0,"63":0,"64":0,"65":0,"66":0,"67":0,"68":0,"69":0,"70":0,"71":0,"72":0,"73":0,"74":0,"75":0,"76":0,"77":0,"78":0,"79":0,"80":0},"f":{"0":0,"1":0,"2":0,"3":0,"4":0,"5":0,"6":0,"7":0,"8":0,"9":0,"10":0,"11":0,"12":0,"13":0,"14":0,"15":0,"16":0,"17":0,"18":0,"19":0},"b":{"0":[0,0],"1":[0,0],"2":[0,0],"3":[0,0],"4":[0,0],"5":[0,0],"6":[0,0],"7":[0,0,0],"8":[0,0],"9":[0,0],"10":[0,0],"11":[0,0]},"_coverageSchema":"1a1c01bbd47fc00a2c39e90264f33305004495a9","hash":"f9666b779566c1a3628faad7454ba3f9e4c2e43a"}
,"C:\\Users\\Amit\\OneDrive\\Desktop\\Habitify\\Frontend\\src\\pages\\CreatePost.jsx": {"path":"C:\\Users\\Amit\\OneDrive\\Desktop\\Habitify\\Frontend\\src\\pages\\CreatePost.jsx","statementMap":{"0":{"start":{"line":9,"column":26},"end":{"line":11,"column":3}},"1":{"start":{"line":13,"column":34},"end":{"line":13,"column":59}},"2":{"start":{"line":14,"column":32},"end":{"line":14,"column":47}},"3":{"start":{"line":15,"column":28},"end":{"line":15,"column":42}},"4":{"start":{"line":16,"column":2},"end":{"line":16,"column":30}},"5":{"start":{"line":18,"column":32},"end":{"line":18,"column":44}},"6":{"start":{"line":19,"column":34},"end":{"line":19,"column":46}},"7":{"start":{"line":20,"column":46},"end":{"line":20,"column":58}},"8":{"start":{"line":21,"column":38},"end":{"line":21,"column":52}},"9":{"start":{"line":22,"column":34},"end":{"line":25,"column":6}},"10":{"start":{"line":23,"column":20},"end":{"line":23,"column":52}},"11":{"start":{"line":24,"column":6},"end":{"line":24,"column":55}},"12":{"start":{"line":26,"column":36},"end":{"line":29,"column":6}},"13":{"start":{"line":27,"column":20},"end":{"line":27,"column":53}},"14":{"start":{"line":28,"column":6},"end":{"line":28,"column":56}},"15":{"start":{"line":30,"column":38},"end":{"line":33,"column":6}},"16":{"start":{"line":31,"column":20},"end":{"line":31,"column":52}},"17":{"start":{"line":32,"column":6},"end":{"line":32,"column":45}},"18":{"start":{"line":34,"column":42},"end":{"line":37,"column":6}},"19":{"start":{"line":35,"column":20},"end":{"line":35,"column":52}},"20":{"start":{"line":36,"column":6},"end":{"line":36,"column":30}},"21":{"start":{"line":38,"column":34},"end":{"line":41,"column":6}},"22":{"start":{"line":39,"column":20},"end":{"line":39,"column":52}},"23":{"start":{"line":40,"column":6},"end":{"line":40,"column":46}},"24":{"start":{"line":43,"column":2},"end":{"line":46,"column":30}},"25":{"start":{"line":44,"column":6},"end":{"line":44,"column":65}},"26":{"start":{"line":45,"column":6},"end":{"line":45,"column":67}},"27":{"start":{"line":49,"column":2},"end":{"line":70,"column":7}},"28":{"start":{"line":50,"column":23},"end":{"line":67,"column":5}},"29":{"start":{"line":51,"column":6},"end":{"line":51,"column":23}},"30":{"start":{"line":52,"column":6},"end":{"line":66,"column":7}},"31":{"start":{"line":53,"column":20},"end":{"line":53,"column":49}},"32":{"start":{"line":54,"column":21},"end":{"line":54,"column":37}},"33":{"start":{"line":55,"column":8},"end":{"line":59,"column":9}},"34":{"start":{"line":56,"column":10},"end":{"line":56,"column":28}},"35":{"start":{"line":57,"column":10},"end":{"line":57,"column":33}},"36":{"start":{"line":58,"column":10},"end":{"line":58,"column":17}},"37":{"start":{"line":60,"column":8},"end":{"line":60,"column":31}},"38":{"start":{"line":61,"column":8},"end":{"line":61,"column":26}},"39":{"start":{"line":62,"column":8},"end":{"line":62,"column":23}},"40":{"start":{"line":64,"column":8},"end":{"line":64,"column":32}},"41":{"start":{"line":65,"column":8},"end":{"line":65,"column":26}},"42":{"start":{"line":69,"column":4},"end":{"line":69,"column":17}},"43":{"start":{"line":73,"column":23},"end":{"line":78,"column":3}},"44":{"start":{"line":74,"column":4},"end":{"line":77,"column":6}},"45":{"start":{"line":81,"column":23},"end":{"line":116,"column":3}},"46":{"start":{"line":82,"column":4},"end":{"line":82,"column":23}},"47":{"start":{"line":83,"column":4},"end":{"line":83,"column":21}},"48":{"start":{"line":84,"column":4},"end":{"line":115,"column":5}},"49":{"start":{"line":85,"column":6},"end":{"line":85,"column":36}},"50":{"start":{"line":86,"column":18},"end":{"line":92,"column":8}},"51":{"start":{"line":93,"column":19},"end":{"line":93,"column":35}},"52":{"start":{"line":94,"column":6},"end":{"line":98,"column":7}},"53":{"start":{"line":95,"column":8},"end":{"line":95,"column":26}},"54":{"start":{"line":96,"column":8},"end":{"line":96,"column":31}},"55":{"start":{"line":97,"column":8},"end":{"line":97,"column":15}},"56":{"start":{"line":100,"column":30},"end":{"line":100,"column":60}},"57":{"start":{"line":101,"column":31},"end":{"line":101,"column":59}},"58":{"start":{"line":103,"column":6},"end":{"line":105,"column":7}},"59":{"start":{"line":104,"column":8},"end":{"line":104,"column":43}},"60":{"start":{"line":106,"column":6},"end":{"line":106,"column":21}},"61":{"start":{"line":107,"column":6},"end":{"line":107,"column":24}},"62":{"start":{"line":108,"column":6},"end":{"line":108,"column":55}},"63":{"start":{"line":109,"column":6},"end":{"line":111,"column":15}},"64":{"start":{"line":110,"column":8},"end":{"line":110,"column":30}},"65":{"start":{"line":113,"column":6},"end":{"line":113,"column":24}},"66":{"start":{"line":114,"column":6},"end":{"line":114,"column":30}},"67":{"start":{"line":119,"column":24},"end":{"line":145,"column":3}},"68":{"start":{"line":120,"column":4},"end":{"line":144,"column":5}},"69":{"start":{"line":121,"column":20},"end":{"line":127,"column":10}},"70":{"start":{"line":129,"column":21},"end":{"line":129,"column":37}},"71":{"start":{"line":131,"column":8},"end":{"line":136,"column":9}},"72":{"start":{"line":132,"column":10},"end":{"line":132,"column":28}},"73":{"start":{"line":133,"column":10},"end":{"line":133,"column":33}},"74":{"start":{"line":134,"column":10},"end":{"line":134,"column":17}},"75":{"start":{"line":138,"column":8},"end":{"line":141,"column":12}},"76":{"start":{"line":138,"column":31},"end":{"line":141,"column":9}},"77":{"start":{"line":143,"column":8},"end":{"line":143,"column":57}},"78":{"start":{"line":148,"column":30},"end":{"line":176,"column":3}},"79":{"start":{"line":149,"column":4},"end":{"line":149,"column":21}},"80":{"start":{"line":150,"column":4},"end":{"line":175,"column":5}},"81":{"start":{"line":151,"column":18},"end":{"line":157,"column":8}},"82":{"start":{"line":158,"column":19},"end":{"line":158,"column":35}},"83":{"start":{"line":160,"column":6},"end":{"line":164,"column":7}},"84":{"start":{"line":161,"column":8},"end":{"line":161,"column":31}},"85":{"start":{"line":162,"column":8},"end":{"line":162,"column":26}},"86":{"start":{"line":163,"column":8},"end":{"line":163,"column":15}},"87":{"start":{"line":166,"column":6},"end":{"line":169,"column":10}},"88":{"start":{"line":166,"column":33},"end":{"line":169,"column":7}},"89":{"start":{"line":168,"column":64},"end":{"line":168,"column":89}},"90":{"start":{"line":170,"column":6},"end":{"line":170,"column":21}},"91":{"start":{"line":171,"column":6},"end":{"line":171,"column":24}},"92":{"start":{"line":173,"column":6},"end":{"line":173,"column":30}},"93":{"start":{"line":174,"column":6},"end":{"line":174,"column":24}},"94":{"start":{"line":178,"column":27},"end":{"line":222,"column":3}},"95":{"start":{"line":179,"column":4},"end":{"line":179,"column":21}},"96":{"start":{"line":180,"column":4},"end":{"line":221,"column":5}},"97":{"start":{"line":181,"column":18},"end":{"line":187,"column":8}},"98":{"start":{"line":188,"column":19},"end":{"line":188,"column":35}},"99":{"start":{"line":190,"column":6},"end":{"line":194,"column":7}},"100":{"start":{"line":191,"column":8},"end":{"line":191,"column":26}},"101":{"start":{"line":192,"column":8},"end":{"line":192,"column":31}},"102":{"start":{"line":193,"column":8},"end":{"line":193,"column":15}},"103":{"start":{"line":196,"column":6},"end":{"line":196,"column":77}},"104":{"start":{"line":196,"column":30},"end":{"line":196,"column":75}},"105":{"start":{"line":196,"column":55},"end":{"line":196,"column":74}},"106":{"start":{"line":197,"column":6},"end":{"line":215,"column":8}},"107":{"start":{"line":198,"column":29},"end":{"line":198,"column":74}},"108":{"start":{"line":198,"column":54},"end":{"line":198,"column":73}},"109":{"start":{"line":201,"column":8},"end":{"line":213,"column":9}},"110":{"start":{"line":202,"column":10},"end":{"line":202,"column":28}},"111":{"start":{"line":203,"column":10},"end":{"line":203,"column":30}},"112":{"start":{"line":204,"column":10},"end":{"line":204,"column":30}},"113":{"start":{"line":205,"column":10},"end":{"line":205,"column":33}},"114":{"start":{"line":206,"column":10},"end":{"line":206,"column":28}},"115":{"start":{"line":207,"column":10},"end":{"line":207,"column":39}},"116":{"start":{"line":209,"column":10},"end":{"line":209,"column":51}},"117":{"start":{"line":210,"column":10},"end":{"line":210,"column":53}},"118":{"start":{"line":211,"column":10},"end":{"line":211,"column":46}},"119":{"start":{"line":212,"column":10},"end":{"line":212,"column":46}},"120":{"start":{"line":214,"column":8},"end":{"line":214,"column":28}},"121":{"start":{"line":216,"column":6},"end":{"line":216,"column":21}},"122":{"start":{"line":217,"column":6},"end":{"line":217,"column":24}},"123":{"start":{"line":219,"column":6},"end":{"line":219,"column":30}},"124":{"start":{"line":220,"column":6},"end":{"line":220,"column":24}},"125":{"start":{"line":224,"column":21},"end":{"line":267,"column":3}},"126":{"start":{"line":225,"column":4},"end":{"line":225,"column":23}},"127":{"start":{"line":226,"column":4},"end":{"line":226,"column":21}},"128":{"start":{"line":227,"column":4},"end":{"line":266,"column":5}},"129":{"start":{"line":228,"column":22},"end":{"line":232,"column":7}},"130":{"start":{"line":234,"column":18},"end":{"line":240,"column":8}},"131":{"start":{"line":242,"column":19},"end":{"line":242,"column":35}},"132":{"start":{"line":243,"column":6},"end":{"line":247,"column":7}},"133":{"start":{"line":244,"column":8},"end":{"line":244,"column":26}},"134":{"start":{"line":245,"column":8},"end":{"line":245,"column":30}},"135":{"start":{"line":246,"column":8},"end":{"line":246,"column":15}},"136":{"start":{"line":249,"column":30},"end":{"line":249,"column":59}},"137":{"start":{"line":250,"column":31},"end":{"line":250,"column":59}},"138":{"start":{"line":252,"column":6},"end":{"line":256,"column":7}},"139":{"start":{"line":253,"column":8},"end":{"line":253,"column":26}},"140":{"start":{"line":254,"column":8},"end":{"line":254,"column":43}},"141":{"start":{"line":255,"column":8},"end":{"line":255,"column":15}},"142":{"start":{"line":258,"column":6},"end":{"line":258,"column":41}},"143":{"start":{"line":259,"column":6},"end":{"line":259,"column":24}},"144":{"start":{"line":260,"column":6},"end":{"line":260,"column":21}},"145":{"start":{"line":261,"column":6},"end":{"line":261,"column":29}},"146":{"start":{"line":262,"column":6},"end":{"line":262,"column":31}},"147":{"start":{"line":264,"column":6},"end":{"line":264,"column":24}},"148":{"start":{"line":265,"column":6},"end":{"line":265,"column":30}},"149":{"start":{"line":268,"column":2},"end":{"line":406,"column":3}},"150":{"start":{"line":285,"column":18},"end":{"line":285,"column":38}},"151":{"start":{"line":286,"column":18},"end":{"line":286,"column":41}},"152":{"start":{"line":287,"column":18},"end":{"line":287,"column":36}},"153":{"start":{"line":288,"column":18},"end":{"line":288,"column":47}},"154":{"start":{"line":289,"column":18},"end":{"line":289,"column":54}},"155":{"start":{"line":290,"column":18},"end":{"line":290,"column":54}},"156":{"start":{"line":302,"column":16},"end":{"line":302,"column":39}},"157":{"start":{"line":303,"column":16},"end":{"line":303,"column":41}},"158":{"start":{"line":304,"column":16},"end":{"line":304,"column":45}},"159":{"start":{"line":305,"column":16},"end":{"line":305,"column":36}},"160":{"start":{"line":306,"column":16},"end":{"line":306,"column":38}},"161":{"start":{"line":307,"column":16},"end":{"line":307,"column":38}},"162":{"start":{"line":321,"column":18},"end":{"line":399,"column":22}},"163":{"start":{"line":336,"column":91},"end":{"line":336,"column":117}},"164":{"start":{"line":351,"column":24},"end":{"line":351,"column":42}},"165":{"start":{"line":352,"column":24},"end":{"line":352,"column":44}},"166":{"start":{"line":353,"column":24},"end":{"line":353,"column":45}},"167":{"start":{"line":354,"column":24},"end":{"line":354,"column":46}},"168":{"start":{"line":355,"column":24},"end":{"line":355,"column":42}},"169":{"start":{"line":357,"column":24},"end":{"line":357,"column":65}},"170":{"start":{"line":358,"column":24},"end":{"line":358,"column":79}},"171":{"start":{"line":359,"column":24},"end":{"line":359,"column":65}},"172":{"start":{"line":360,"column":24},"end":{"line":360,"column":67}},"173":{"start":{"line":367,"column":26},"end":{"line":369,"column":27}},"174":{"start":{"line":368,"column":28},"end":{"line":368,"column":52}},"175":{"start":{"line":370,"column":26},"end":{"line":370,"column":83}},"176":{"start":{"line":386,"column":28},"end":{"line":391,"column":34}},"177":{"start":{"line":388,"column":95},"end":{"line":388,"column":127}}},"fnMap":{"0":{"name":"CreatePost","decl":{"start":{"line":7,"column":24},"end":{"line":7,"column":34}},"loc":{"start":{"line":7,"column":37},"end":{"line":407,"column":1}},"line":7},"1":{"name":"(anonymous_1)","decl":{"start":{"line":22,"column":43},"end":{"line":22,"column":44}},"loc":{"start":{"line":22,"column":49},"end":{"line":25,"column":5}},"line":22},"2":{"name":"(anonymous_2)","decl":{"start":{"line":26,"column":45},"end":{"line":26,"column":46}},"loc":{"start":{"line":26,"column":51},"end":{"line":29,"column":5}},"line":26},"3":{"name":"(anonymous_3)","decl":{"start":{"line":30,"column":47},"end":{"line":30,"column":48}},"loc":{"start":{"line":30,"column":53},"end":{"line":33,"column":5}},"line":30},"4":{"name":"(anonymous_4)","decl":{"start":{"line":34,"column":51},"end":{"line":34,"column":52}},"loc":{"start":{"line":34,"column":57},"end":{"line":37,"column":5}},"line":34},"5":{"name":"(anonymous_5)","decl":{"start":{"line":38,"column":43},"end":{"line":38,"column":44}},"loc":{"start":{"line":38,"column":49},"end":{"line":41,"column":5}},"line":38},"6":{"name":"(anonymous_6)","decl":{"start":{"line":43,"column":12},"end":{"line":43,"column":13}},"loc":{"start":{"line":43,"column":18},"end":{"line":46,"column":5}},"line":43},"7":{"name":"(anonymous_7)","decl":{"start":{"line":49,"column":12},"end":{"line":49,"column":13}},"loc":{"start":{"line":49,"column":16},"end":{"line":70,"column":3}},"line":49},"8":{"name":"(anonymous_8)","decl":{"start":{"line":50,"column":23},"end":{"line":50,"column":24}},"loc":{"start":{"line":50,"column":32},"end":{"line":67,"column":5}},"line":50},"9":{"name":"(anonymous_9)","decl":{"start":{"line":73,"column":23},"end":{"line":73,"column":24}},"loc":{"start":{"line":73,"column":28},"end":{"line":78,"column":3}},"line":73},"10":{"name":"(anonymous_10)","decl":{"start":{"line":81,"column":23},"end":{"line":81,"column":24}},"loc":{"start":{"line":81,"column":33},"end":{"line":116,"column":3}},"line":81},"11":{"name":"(anonymous_11)","decl":{"start":{"line":109,"column":17},"end":{"line":109,"column":18}},"loc":{"start":{"line":109,"column":23},"end":{"line":111,"column":7}},"line":109},"12":{"name":"(anonymous_12)","decl":{"start":{"line":119,"column":24},"end":{"line":119,"column":25}},"loc":{"start":{"line":119,"column":42},"end":{"line":145,"column":3}},"line":119},"13":{"name":"(anonymous_13)","decl":{"start":{"line":138,"column":20},"end":{"line":138,"column":21}},"loc":{"start":{"line":138,"column":31},"end":{"line":141,"column":9}},"line":138},"14":{"name":"(anonymous_14)","decl":{"start":{"line":148,"column":30},"end":{"line":148,"column":31}},"loc":{"start":{"line":148,"column":48},"end":{"line":176,"column":3}},"line":148},"15":{"name":"(anonymous_15)","decl":{"start":{"line":166,"column":18},"end":{"line":166,"column":19}},"loc":{"start":{"line":166,"column":33},"end":{"line":169,"column":7}},"line":166},"16":{"name":"(anonymous_16)","decl":{"start":{"line":168,"column":54},"end":{"line":168,"column":55}},"loc":{"start":{"line":168,"column":64},"end":{"line":168,"column":89}},"line":168},"17":{"name":"(anonymous_17)","decl":{"start":{"line":178,"column":27},"end":{"line":178,"column":28}},"loc":{"start":{"line":178,"column":42},"end":{"line":222,"column":3}},"line":178},"18":{"name":"(anonymous_18)","decl":{"start":{"line":196,"column":17},"end":{"line":196,"column":18}},"loc":{"start":{"line":196,"column":30},"end":{"line":196,"column":75}},"line":196},"19":{"name":"(anonymous_19)","decl":{"start":{"line":196,"column":47},"end":{"line":196,"column":48}},"loc":{"start":{"line":196,"column":55},"end":{"line":196,"column":74}},"line":196},"20":{"name":"(anonymous_20)","decl":{"start":{"line":197,"column":17},"end":{"line":197,"column":18}},"loc":{"start":{"line":197,"column":30},"end":{"line":215,"column":7}},"line":197},"21":{"name":"(anonymous_21)","decl":{"start":{"line":198,"column":46},"end":{"line":198,"column":47}},"loc":{"start":{"line":198,"column":54},"end":{"line":198,"column":73}},"line":198},"22":{"name":"(anonymous_22)","decl":{"start":{"line":224,"column":21},"end":{"line":224,"column":22}},"loc":{"start":{"line":224,"column":31},"end":{"line":267,"column":3}},"line":224},"23":{"name":"(anonymous_23)","decl":{"start":{"line":284,"column":25},"end":{"line":284,"column":26}},"loc":{"start":{"line":284,"column":29},"end":{"line":291,"column":17}},"line":284},"24":{"name":"(anonymous_24)","decl":{"start":{"line":301,"column":23},"end":{"line":301,"column":24}},"loc":{"start":{"line":301,"column":29},"end":{"line":308,"column":15}},"line":301},"25":{"name":"(anonymous_25)","decl":{"start":{"line":320,"column":28},"end":{"line":320,"column":29}},"loc":{"start":{"line":321,"column":18},"end":{"line":399,"column":22}},"line":321},"26":{"name":"(anonymous_26)","decl":{"start":{"line":336,"column":87},"end":{"line":336,"column":88}},"loc":{"start":{"line":336,"column":91},"end":{"line":336,"column":117}},"line":336},"27":{"name":"(anonymous_27)","decl":{"start":{"line":350,"column":31},"end":{"line":350,"column":32}},"loc":{"start":{"line":350,"column":37},"end":{"line":361,"column":23}},"line":350},"28":{"name":"(anonymous_28)","decl":{"start":{"line":366,"column":33},"end":{"line":366,"column":34}},"loc":{"start":{"line":366,"column":39},"end":{"line":371,"column":25}},"line":366},"29":{"name":"(anonymous_29)","decl":{"start":{"line":385,"column":49},"end":{"line":385,"column":50}},"loc":{"start":{"line":386,"column":28},"end":{"line":391,"column":34}},"line":386},"30":{"name":"(anonymous_30)","decl":{"start":{"line":388,"column":91},"end":{"line":388,"column":92}},"loc":{"start":{"line":388,"column":95},"end":{"line":388,"column":127}},"line":388}},"branchMap":{"0":{"loc":{"start":{"line":24,"column":13},"end":{"line":24,"column":54}},"type":"cond-expr","locations":[{"start":{"line":24,"column":30},"end":{"line":24,"column":47}},{"start":{"line":24,"column":50},"end":{"line":24,"column":54}}],"line":24},"1":{"loc":{"start":{"line":28,"column":13},"end":{"line":28,"column":55}},"type":"cond-expr","locations":[{"start":{"line":28,"column":30},"end":{"line":28,"column":47}},{"start":{"line":28,"column":50},"end":{"line":28,"column":55}}],"line":28},"2":{"loc":{"start":{"line":32,"column":13},"end":{"line":32,"column":44}},"type":"cond-expr","locations":[{"start":{"line":32,"column":32},"end":{"line":32,"column":37}},{"start":{"line":32,"column":40},"end":{"line":32,"column":44}}],"line":32},"3":{"loc":{"start":{"line":40,"column":13},"end":{"line":40,"column":45}},"type":"cond-expr","locations":[{"start":{"line":40,"column":21},"end":{"line":40,"column":38}},{"start":{"line":40,"column":41},"end":{"line":40,"column":45}}],"line":40},"4":{"loc":{"start":{"line":55,"column":8},"end":{"line":59,"column":9}},"type":"if","locations":[{"start":{"line":55,"column":8},"end":{"line":59,"column":9}},{"start":{},"end":{}}],"line":55},"5":{"loc":{"start":{"line":94,"column":6},"end":{"line":98,"column":7}},"type":"if","locations":[{"start":{"line":94,"column":6},"end":{"line":98,"column":7}},{"start":{},"end":{}}],"line":94},"6":{"loc":{"start":{"line":103,"column":6},"end":{"line":105,"column":7}},"type":"if","locations":[{"start":{"line":103,"column":6},"end":{"line":105,"column":7}},{"start":{},"end":{}}],"line":103},"7":{"loc":{"start":{"line":131,"column":8},"end":{"line":136,"column":9}},"type":"if","locations":[{"start":{"line":131,"column":8},"end":{"line":136,"column":9}},{"start":{},"end":{}}],"line":131},"8":{"loc":{"start":{"line":160,"column":6},"end":{"line":164,"column":7}},"type":"if","locations":[{"start":{"line":160,"column":6},"end":{"line":164,"column":7}},{"start":{},"end":{}}],"line":160},"9":{"loc":{"start":{"line":190,"column":6},"end":{"line":194,"column":7}},"type":"if","locations":[{"start":{"line":190,"column":6},"end":{"line":194,"column":7}},{"start":{},"end":{}}],"line":190},"10":{"loc":{"start":{"line":201,"column":8},"end":{"line":213,"column":9}},"type":"if","locations":[{"start":{"line":201,"column":8},"end":{"line":213,"column":9}},{"start":{},"end":{}}],"line":201},"11":{"loc":{"start":{"line":231,"column":17},"end":{"line":231,"column":53}},"type":"binary-expr","locations":[{"start":{"line":231,"column":17},"end":{"line":231,"column":33}},{"start":{"line":231,"column":37},"end":{"line":231,"column":53}}],"line":231},"12":{"loc":{"start":{"line":243,"column":6},"end":{"line":247,"column":7}},"type":"if","locations":[{"start":{"line":243,"column":6},"end":{"line":247,"column":7}},{"start":{},"end":{}}],"line":243},"13":{"loc":{"start":{"line":252,"column":6},"end":{"line":256,"column":7}},"type":"if","locations":[{"start":{"line":252,"column":6},"end":{"line":256,"column":7}},{"start":{},"end":{}}],"line":252},"14":{"loc":{"start":{"line":273,"column":9},"end":{"line":273,"column":105}},"type":"binary-expr","locations":[{"start":{"line":273,"column":9},"end":{"line":273,"column":19}},{"start":{"line":273,"column":23},"end":{"line":273,"column":31}},{"start":{"line":273,"column":35},"end":{"line":273,"column":105}}],"line":273},"15":{"loc":{"start":{"line":274,"column":9},"end":{"line":274,"column":108}},"type":"binary-expr","locations":[{"start":{"line":274,"column":9},"end":{"line":274,"column":21}},{"start":{"line":274,"column":25},"end":{"line":274,"column":33}},{"start":{"line":274,"column":37},"end":{"line":274,"column":108}}],"line":274},"16":{"loc":{"start":{"line":275,"column":11},"end":{"line":293,"column":20}},"type":"binary-expr","locations":[{"start":{"line":275,"column":11},"end":{"line":275,"column":19}},{"start":{"line":275,"column":24},"end":{"line":293,"column":19}}],"line":275},"17":{"loc":{"start":{"line":275,"column":127},"end":{"line":275,"column":165}},"type":"cond-expr","locations":[{"start":{"line":275,"column":140},"end":{"line":275,"column":152}},{"start":{"line":275,"column":155},"end":{"line":275,"column":165}}],"line":275},"18":{"loc":{"start":{"line":277,"column":29},"end":{"line":277,"column":89}},"type":"cond-expr","locations":[{"start":{"line":277,"column":42},"end":{"line":277,"column":63}},{"start":{"line":277,"column":66},"end":{"line":277,"column":89}}],"line":277},"19":{"loc":{"start":{"line":277,"column":66},"end":{"line":277,"column":89}},"type":"binary-expr","locations":[{"start":{"line":277,"column":66},"end":{"line":277,"column":83}},{"start":{"line":277,"column":87},"end":{"line":277,"column":89}}],"line":277},"20":{"loc":{"start":{"line":279,"column":80},"end":{"line":279,"column":112}},"type":"cond-expr","locations":[{"start":{"line":279,"column":93},"end":{"line":279,"column":101}},{"start":{"line":279,"column":104},"end":{"line":279,"column":112}}],"line":279},"21":{"loc":{"start":{"line":280,"column":17},"end":{"line":282,"column":17}},"type":"binary-expr","locations":[{"start":{"line":280,"column":17},"end":{"line":280,"column":31}},{"start":{"line":281,"column":16},"end":{"line":281,"column":85}}],"line":280},"22":{"loc":{"start":{"line":283,"column":17},"end":{"line":292,"column":33}},"type":"binary-expr","locations":[{"start":{"line":283,"column":17},"end":{"line":283,"column":29}},{"start":{"line":283,"column":33},"end":{"line":292,"column":33}}],"line":283},"23":{"loc":{"start":{"line":297,"column":13},"end":{"line":314,"column":9}},"type":"binary-expr","locations":[{"start":{"line":297,"column":14},"end":{"line":297,"column":24}},{"start":{"line":297,"column":28},"end":{"line":297,"column":37}},{"start":{"line":298,"column":10},"end":{"line":313,"column":16}}],"line":297},"24":{"loc":{"start":{"line":298,"column":34},"end":{"line":298,"column":81}},"type":"cond-expr","locations":[{"start":{"line":298,"column":47},"end":{"line":298,"column":63}},{"start":{"line":298,"column":66},"end":{"line":298,"column":81}}],"line":298},"25":{"loc":{"start":{"line":300,"column":60},"end":{"line":300,"column":105}},"type":"cond-expr","locations":[{"start":{"line":300,"column":72},"end":{"line":300,"column":89}},{"start":{"line":300,"column":92},"end":{"line":300,"column":105}}],"line":300},"26":{"loc":{"start":{"line":300,"column":109},"end":{"line":300,"column":182}},"type":"cond-expr","locations":[{"start":{"line":300,"column":146},"end":{"line":300,"column":177}},{"start":{"line":300,"column":180},"end":{"line":300,"column":182}}],"line":300},"27":{"loc":{"start":{"line":300,"column":109},"end":{"line":300,"column":143}},"type":"binary-expr","locations":[{"start":{"line":300,"column":109},"end":{"line":300,"column":119}},{"start":{"line":300,"column":123},"end":{"line":300,"column":143}}],"line":300},"28":{"loc":{"start":{"line":309,"column":26},"end":{"line":309,"column":60}},"type":"binary-expr","locations":[{"start":{"line":309,"column":26},"end":{"line":309,"column":36}},{"start":{"line":309,"column":40},"end":{"line":309,"column":60}}],"line":309},"29":{"loc":{"start":{"line":311,"column":15},"end":{"line":311,"column":54}},"type":"cond-expr","locations":[{"start":{"line":311,"column":27},"end":{"line":311,"column":39}},{"start":{"line":311,"column":42},"end":{"line":311,"column":54}}],"line":311},"30":{"loc":{"start":{"line":317,"column":13},"end":{"line":402,"column":13}},"type":"binary-expr","locations":[{"start":{"line":317,"column":13},"end":{"line":317,"column":22}},{"start":{"line":318,"column":14},"end":{"line":401,"column":18}}],"line":317},"31":{"loc":{"start":{"line":319,"column":15},"end":{"line":400,"column":16}},"type":"binary-expr","locations":[{"start":{"line":319,"column":15},"end":{"line":319,"column":33}},{"start":{"line":320,"column":16},"end":{"line":400,"column":16}}],"line":319},"32":{"loc":{"start":{"line":322,"column":184},"end":{"line":322,"column":247}},"type":"cond-expr","locations":[{"start":{"line":322,"column":210},"end":{"line":322,"column":234}},{"start":{"line":322,"column":237},"end":{"line":322,"column":247}}],"line":322},"33":{"loc":{"start":{"line":323,"column":41},"end":{"line":323,"column":95}},"type":"cond-expr","locations":[{"start":{"line":323,"column":67},"end":{"line":323,"column":84}},{"start":{"line":323,"column":87},"end":{"line":323,"column":95}}],"line":323},"34":{"loc":{"start":{"line":333,"column":128},"end":{"line":333,"column":176}},"type":"cond-expr","locations":[{"start":{"line":333,"column":147},"end":{"line":333,"column":161}},{"start":{"line":333,"column":164},"end":{"line":333,"column":176}}],"line":333},"35":{"loc":{"start":{"line":367,"column":26},"end":{"line":369,"column":27}},"type":"if","locations":[{"start":{"line":367,"column":26},"end":{"line":369,"column":27}},{"start":{},"end":{}}],"line":367},"36":{"loc":{"start":{"line":370,"column":40},"end":{"line":370,"column":81}},"type":"cond-expr","locations":[{"start":{"line":370,"column":66},"end":{"line":370,"column":70}},{"start":{"line":370,"column":73},"end":{"line":370,"column":81}}],"line":370},"37":{"loc":{"start":{"line":374,"column":25},"end":{"line":374,"column":85}},"type":"cond-expr","locations":[{"start":{"line":374,"column":51},"end":{"line":374,"column":67}},{"start":{"line":374,"column":70},"end":{"line":374,"column":85}}],"line":374},"38":{"loc":{"start":{"line":380,"column":19},"end":{"line":398,"column":19}},"type":"binary-expr","locations":[{"start":{"line":380,"column":19},"end":{"line":380,"column":42}},{"start":{"line":381,"column":20},"end":{"line":397,"column":26}}],"line":380},"39":{"loc":{"start":{"line":384,"column":25},"end":{"line":395,"column":25}},"type":"cond-expr","locations":[{"start":{"line":385,"column":26},"end":{"line":392,"column":28}},{"start":{"line":394,"column":26},"end":{"line":394,"column":75}}],"line":384},"40":{"loc":{"start":{"line":384,"column":25},"end":{"line":384,"column":76}},"type":"binary-expr","locations":[{"start":{"line":384,"column":25},"end":{"line":384,"column":43}},{"start":{"line":384,"column":47},"end":{"line":384,"column":76}}],"line":384},"41":{"loc":{"start":{"line":387,"column":57},"end":{"line":387,"column":98}},"type":"binary-expr","locations":[{"start":{"line":387,"column":57},"end":{"line":387,"column":72}},{"start":{"line":387,"column":76},"end":{"line":387,"column":98}}],"line":387}},"s":{"0":0,"1":0,"2":0,"3":0,"4":0,"5":0,"6":0,"7":0,"8":0,"9":0,"10":0,"11":0,"12":0,"13":0,"14":0,"15":0,"16":0,"17":0,"18":0,"19":0,"20":0,"21":0,"22":0,"23":0,"24":0,"25":0,"26":0,"27":0,"28":0,"29":0,"30":0,"31":0,"32":0,"33":0,"34":0,"35":0,"36":0,"37":0,"38":0,"39":0,"40":0,"41":0,"42":0,"43":0,"44":0,"45":0,"46":0,"47":0,"48":0,"49":0,"50":0,"51":0,"52":0,"53":0,"54":0,"55":0,"56":0,"57":0,"58":0,"59":0,"60":0,"61":0,"62":0,"63":0,"64":0,"65":0,"66":0,"67":0,"68":0,"69":0,"70":0,"71":0,"72":0,"73":0,"74":0,"75":0,"76":0,"77":0,"78":0,"79":0,"80":0,"81":0,"82":0,"83":0,"84":0,"85":0,"86":0,"87":0,"88":0,"89":0,"90":0,"91":0,"92":0,"93":0,"94":0,"95":0,"96":0,"97":0,"98":0,"99":0,"100":0,"101":0,"102":0,"103":0,"104":0,"105":0,"106":0,"107":0,"108":0,"109":0,"110":0,"111":0,"112":0,"113":0,"114":0,"115":0,"116":0,"117":0,"118":0,"119":0,"120":0,"121":0,"122":0,"123":0,"124":0,"125":0,"126":0,"127":0,"128":0,"129":0,"130":0,"131":0,"132":0,"133":0,"134":0,"135":0,"136":0,"137":0,"138":0,"139":0,"140":0,"141":0,"142":0,"143":0,"144":0,"145":0,"146":0,"147":0,"148":0,"149":0,"150":0,"151":0,"152":0,"153":0,"154":0,"155":0,"156":0,"157":0,"158":0,"159":0,"160":0,"161":0,"162":0,"163":0,"164":0,"165":0,"166":0,"167":0,"168":0,"169":0,"170":0,"171":0,"172":0,"173":0,"174":0,"175":0,"176":0,"177":0},"f":{"0":0,"1":0,"2":0,"3":0,"4":0,"5":0,"6":0,"7":0,"8":0,"9":0,"10":0,"11":0,"12":0,"13":0,"14":0,"15":0,"16":0,"17":0,"18":0,"19":0,"20":0,"21":0,"22":0,"23":0,"24":0,"25":0,"26":0,"27":0,"28":0,"29":0,"30":0},"b":{"0":[0,0],"1":[0,0],"2":[0,0],"3":[0,0],"4":[0,0],"5":[0,0],"6":[0,0],"7":[0,0],"8":[0,0],"9":[0,0],"10":[0,0],"11":[0,0],"12":[0,0],"13":[0,0],"14":[0,0,0],"15":[0,0,0],"16":[0,0],"17":[0,0],"18":[0,0],"19":[0,0],"20":[0,0],"21":[0,0],"22":[0,0],"23":[0,0,0],"24":[0,0],"25":[0,0],"26":[0,0],"27":[0,0],"28":[0,0],"29":[0,0],"30":[0,0],"31":[0,0],"32":[0,0],"33":[0,0],"34":[0,0],"35":[0,0],"36":[0,0],"37":[0,0],"38":[0,0],"39":[0,0],"40":[0,0],"41":[0,0]},"_coverageSchema":"1a1c01bbd47fc00a2c39e90264f33305004495a9","hash":"409719452ed3fa1bba46a61342db9bcb6c92b236"}
,"C:\\Users\\Amit\\OneDrive\\Desktop\\Habitify\\Frontend\\src\\pages\\FriendListing.jsx": {"path":"C:\\Users\\Amit\\OneDrive\\Desktop\\Habitify\\Frontend\\src\\pages\\FriendListing.jsx","statementMap":{"0":{"start":{"line":6,"column":26},"end":{"line":6,"column":58}},"1":{"start":{"line":6,"column":47},"end":{"line":6,"column":57}},"2":{"start":{"line":7,"column":19},"end":{"line":7,"column":32}},"3":{"start":{"line":8,"column":32},"end":{"line":8,"column":44}},"4":{"start":{"line":9,"column":32},"end":{"line":9,"column":46}},"5":{"start":{"line":10,"column":28},"end":{"line":10,"column":43}},"6":{"start":{"line":12,"column":2},"end":{"line":37,"column":20}},"7":{"start":{"line":13,"column":25},"end":{"line":34,"column":5}},"8":{"start":{"line":14,"column":8},"end":{"line":33,"column":7}},"9":{"start":{"line":15,"column":24},"end":{"line":20,"column":14}},"10":{"start":{"line":21,"column":25},"end":{"line":21,"column":41}},"11":{"start":{"line":22,"column":12},"end":{"line":26,"column":13}},"12":{"start":{"line":23,"column":14},"end":{"line":23,"column":37}},"13":{"start":{"line":24,"column":14},"end":{"line":24,"column":32}},"14":{"start":{"line":25,"column":14},"end":{"line":25,"column":21}},"15":{"start":{"line":27,"column":12},"end":{"line":27,"column":29}},"16":{"start":{"line":29,"column":12},"end":{"line":29,"column":29}},"17":{"start":{"line":30,"column":8},"end":{"line":30,"column":23}},"18":{"start":{"line":32,"column":8},"end":{"line":32,"column":26}},"19":{"start":{"line":36,"column":4},"end":{"line":36,"column":19}},"20":{"start":{"line":39,"column":2},"end":{"line":39,"column":72}},"21":{"start":{"line":39,"column":15},"end":{"line":39,"column":72}},"22":{"start":{"line":40,"column":2},"end":{"line":40,"column":95}},"23":{"start":{"line":40,"column":13},"end":{"line":40,"column":95}},"24":{"start":{"line":42,"column":2},"end":{"line":62,"column":4}},"25":{"start":{"line":50,"column":12},"end":{"line":53,"column":17}},"26":{"start":{"line":51,"column":31},"end":{"line":51,"column":62}},"27":{"start":{"line":58,"column":29},"end":{"line":58,"column":46}}},"fnMap":{"0":{"name":"FriendsList","decl":{"start":{"line":5,"column":24},"end":{"line":5,"column":35}},"loc":{"start":{"line":5,"column":38},"end":{"line":63,"column":1}},"line":5},"1":{"name":"(anonymous_1)","decl":{"start":{"line":6,"column":38},"end":{"line":6,"column":39}},"loc":{"start":{"line":6,"column":47},"end":{"line":6,"column":57}},"line":6},"2":{"name":"(anonymous_2)","decl":{"start":{"line":12,"column":12},"end":{"line":12,"column":13}},"loc":{"start":{"line":12,"column":18},"end":{"line":37,"column":3}},"line":12},"3":{"name":"(anonymous_3)","decl":{"start":{"line":13,"column":25},"end":{"line":13,"column":26}},"loc":{"start":{"line":13,"column":37},"end":{"line":34,"column":5}},"line":13},"4":{"name":"(anonymous_4)","decl":{"start":{"line":49,"column":22},"end":{"line":49,"column":23}},"loc":{"start":{"line":50,"column":12},"end":{"line":53,"column":17}},"line":50},"5":{"name":"(anonymous_5)","decl":{"start":{"line":51,"column":25},"end":{"line":51,"column":26}},"loc":{"start":{"line":51,"column":31},"end":{"line":51,"column":62}},"line":51},"6":{"name":"(anonymous_6)","decl":{"start":{"line":58,"column":23},"end":{"line":58,"column":24}},"loc":{"start":{"line":58,"column":29},"end":{"line":58,"column":46}},"line":58}},"branchMap":{"0":{"loc":{"start":{"line":22,"column":12},"end":{"line":26,"column":13}},"type":"if","locations":[{"start":{"line":22,"column":12},"end":{"line":26,"column":13}},{"start":{},"end":{}}],"line":22},"1":{"loc":{"start":{"line":39,"column":2},"end":{"line":39,"column":72}},"type":"if","locations":[{"start":{"line":39,"column":2},"end":{"line":39,"column":72}},{"start":{},"end":{}}],"line":39},"2":{"loc":{"start":{"line":40,"column":2},"end":{"line":40,"column":95}},"type":"if","locations":[{"start":{"line":40,"column":2},"end":{"line":40,"column":95}},{"start":{},"end":{}}],"line":40},"3":{"loc":{"start":{"line":46,"column":9},"end":{"line":55,"column":9}},"type":"cond-expr","locations":[{"start":{"line":47,"column":10},"end":{"line":47,"column":34}},{"start":{"line":49,"column":10},"end":{"line":54,"column":12}}],"line":46}},"s":{"0":0,"1":0,"2":0,"3":0,"4":0,"5":0,"6":0,"7":0,"8":0,"9":0,"10":0,"11":0,"12":0,"13":0,"14":0,"15":0,"16":0,"17":0,"18":0,"19":0,"20":0,"21":0,"22":0,"23":0,"24":0,"25":0,"26":0,"27":0},"f":{"0":0,"1":0,"2":0,"3":0,"4":0,"5":0,"6":0},"b":{"0":[0,0],"1":[0,0],"2":[0,0],"3":[0,0]},"_coverageSchema":"1a1c01bbd47fc00a2c39e90264f33305004495a9","hash":"da6f5cb70570965d7c93c27023b3c23a9848db8d"}
,"C:\\Users\\Amit\\OneDrive\\Desktop\\Habitify\\Frontend\\src\\pages\\Friendlist.jsx": {"path":"C:\\Users\\Amit\\OneDrive\\Desktop\\Habitify\\Frontend\\src\\pages\\Friendlist.jsx","statementMap":{"0":{"start":{"line":7,"column":24},"end":{"line":7,"column":55}},"1":{"start":{"line":7,"column":44},"end":{"line":7,"column":54}},"2":{"start":{"line":8,"column":32},"end":{"line":8,"column":44}},"3":{"start":{"line":9,"column":48},"end":{"line":9,"column":60}},"4":{"start":{"line":10,"column":28},"end":{"line":10,"column":43}},"5":{"start":{"line":11,"column":32},"end":{"line":11,"column":47}},"6":{"start":{"line":12,"column":34},"end":{"line":12,"column":46}},"7":{"start":{"line":13,"column":2},"end":{"line":13,"column":30}},"8":{"start":{"line":15,"column":2},"end":{"line":62,"column":9}},"9":{"start":{"line":16,"column":23},"end":{"line":38,"column":5}},"10":{"start":{"line":17,"column":6},"end":{"line":17,"column":23}},"11":{"start":{"line":18,"column":6},"end":{"line":37,"column":7}},"12":{"start":{"line":19,"column":20},"end":{"line":24,"column":10}},"13":{"start":{"line":25,"column":21},"end":{"line":25,"column":37}},"14":{"start":{"line":26,"column":8},"end":{"line":30,"column":9}},"15":{"start":{"line":27,"column":10},"end":{"line":27,"column":33}},"16":{"start":{"line":28,"column":10},"end":{"line":28,"column":28}},"17":{"start":{"line":29,"column":10},"end":{"line":29,"column":17}},"18":{"start":{"line":31,"column":8},"end":{"line":31,"column":25}},"19":{"start":{"line":33,"column":8},"end":{"line":33,"column":27}},"20":{"start":{"line":34,"column":8},"end":{"line":34,"column":44}},"21":{"start":{"line":36,"column":8},"end":{"line":36,"column":26}},"22":{"start":{"line":40,"column":31},"end":{"line":58,"column":5}},"23":{"start":{"line":41,"column":6},"end":{"line":57,"column":7}},"24":{"start":{"line":42,"column":20},"end":{"line":47,"column":10}},"25":{"start":{"line":48,"column":21},"end":{"line":48,"column":37}},"26":{"start":{"line":49,"column":8},"end":{"line":52,"column":9}},"27":{"start":{"line":50,"column":10},"end":{"line":50,"column":33}},"28":{"start":{"line":51,"column":10},"end":{"line":51,"column":17}},"29":{"start":{"line":53,"column":8},"end":{"line":53,"column":33}},"30":{"start":{"line":55,"column":8},"end":{"line":55,"column":27}},"31":{"start":{"line":56,"column":8},"end":{"line":56,"column":53}},"32":{"start":{"line":60,"column":4},"end":{"line":60,"column":17}},"33":{"start":{"line":61,"column":4},"end":{"line":61,"column":25}},"34":{"start":{"line":64,"column":2},"end":{"line":64,"column":27}},"35":{"start":{"line":66,"column":23},"end":{"line":86,"column":3}},"36":{"start":{"line":67,"column":4},"end":{"line":85,"column":5}},"37":{"start":{"line":68,"column":18},"end":{"line":74,"column":8}},"38":{"start":{"line":75,"column":19},"end":{"line":75,"column":35}},"39":{"start":{"line":76,"column":6},"end":{"line":79,"column":7}},"40":{"start":{"line":77,"column":8},"end":{"line":77,"column":31}},"41":{"start":{"line":78,"column":8},"end":{"line":78,"column":15}},"42":{"start":{"line":80,"column":6},"end":{"line":80,"column":39}},"43":{"start":{"line":81,"column":6},"end":{"line":81,"column":80}},"44":{"start":{"line":81,"column":55},"end":{"line":81,"column":77}},"45":{"start":{"line":83,"column":6},"end":{"line":83,"column":25}},"46":{"start":{"line":84,"column":6},"end":{"line":84,"column":43}},"47":{"start":{"line":88,"column":24},"end":{"line":106,"column":3}},"48":{"start":{"line":89,"column":4},"end":{"line":105,"column":5}},"49":{"start":{"line":90,"column":18},"end":{"line":96,"column":8}},"50":{"start":{"line":97,"column":19},"end":{"line":97,"column":35}},"51":{"start":{"line":98,"column":6},"end":{"line":101,"column":7}},"52":{"start":{"line":99,"column":8},"end":{"line":99,"column":31}},"53":{"start":{"line":100,"column":8},"end":{"line":100,"column":15}},"54":{"start":{"line":102,"column":6},"end":{"line":102,"column":80}},"55":{"start":{"line":102,"column":55},"end":{"line":102,"column":77}},"56":{"start":{"line":104,"column":6},"end":{"line":104,"column":30}},"57":{"start":{"line":108,"column":28},"end":{"line":131,"column":3}},"58":{"start":{"line":109,"column":4},"end":{"line":109,"column":23}},"59":{"start":{"line":110,"column":4},"end":{"line":113,"column":5}},"60":{"start":{"line":111,"column":6},"end":{"line":111,"column":44}},"61":{"start":{"line":112,"column":6},"end":{"line":112,"column":13}},"62":{"start":{"line":114,"column":4},"end":{"line":130,"column":5}},"63":{"start":{"line":115,"column":18},"end":{"line":119,"column":8}},"64":{"start":{"line":120,"column":19},"end":{"line":120,"column":35}},"65":{"start":{"line":121,"column":6},"end":{"line":124,"column":7}},"66":{"start":{"line":122,"column":8},"end":{"line":122,"column":31}},"67":{"start":{"line":123,"column":8},"end":{"line":123,"column":15}},"68":{"start":{"line":125,"column":6},"end":{"line":125,"column":22}},"69":{"start":{"line":126,"column":6},"end":{"line":126,"column":24}},"70":{"start":{"line":128,"column":6},"end":{"line":128,"column":25}},"71":{"start":{"line":129,"column":6},"end":{"line":129,"column":41}},"72":{"start":{"line":134,"column":23},"end":{"line":154,"column":3}},"73":{"start":{"line":135,"column":4},"end":{"line":153,"column":5}},"74":{"start":{"line":136,"column":18},"end":{"line":142,"column":8}},"75":{"start":{"line":143,"column":19},"end":{"line":143,"column":35}},"76":{"start":{"line":144,"column":6},"end":{"line":144,"column":24}},"77":{"start":{"line":145,"column":6},"end":{"line":148,"column":7}},"78":{"start":{"line":146,"column":8},"end":{"line":146,"column":45}},"79":{"start":{"line":147,"column":8},"end":{"line":147,"column":15}},"80":{"start":{"line":149,"column":6},"end":{"line":149,"column":68}},"81":{"start":{"line":149,"column":41},"end":{"line":149,"column":65}},"82":{"start":{"line":151,"column":6},"end":{"line":151,"column":25}},"83":{"start":{"line":152,"column":6},"end":{"line":152,"column":43}},"84":{"start":{"line":156,"column":2},"end":{"line":232,"column":3}},"85":{"start":{"line":163,"column":146},"end":{"line":163,"column":173}},"86":{"start":{"line":175,"column":20},"end":{"line":183,"column":25}},"87":{"start":{"line":179,"column":43},"end":{"line":179,"column":63}},"88":{"start":{"line":204,"column":22},"end":{"line":220,"column":27}},"89":{"start":{"line":209,"column":43},"end":{"line":209,"column":63}},"90":{"start":{"line":215,"column":43},"end":{"line":215,"column":64}}},"fnMap":{"0":{"name":"Friendlist","decl":{"start":{"line":5,"column":24},"end":{"line":5,"column":34}},"loc":{"start":{"line":5,"column":37},"end":{"line":233,"column":1}},"line":5},"1":{"name":"(anonymous_1)","decl":{"start":{"line":7,"column":36},"end":{"line":7,"column":37}},"loc":{"start":{"line":7,"column":44},"end":{"line":7,"column":54}},"line":7},"2":{"name":"(anonymous_2)","decl":{"start":{"line":15,"column":12},"end":{"line":15,"column":13}},"loc":{"start":{"line":15,"column":18},"end":{"line":62,"column":3}},"line":15},"3":{"name":"(anonymous_3)","decl":{"start":{"line":16,"column":23},"end":{"line":16,"column":24}},"loc":{"start":{"line":16,"column":35},"end":{"line":38,"column":5}},"line":16},"4":{"name":"(anonymous_4)","decl":{"start":{"line":40,"column":31},"end":{"line":40,"column":32}},"loc":{"start":{"line":40,"column":43},"end":{"line":58,"column":5}},"line":40},"5":{"name":"(anonymous_5)","decl":{"start":{"line":66,"column":23},"end":{"line":66,"column":24}},"loc":{"start":{"line":66,"column":41},"end":{"line":86,"column":3}},"line":66},"6":{"name":"(anonymous_6)","decl":{"start":{"line":81,"column":48},"end":{"line":81,"column":49}},"loc":{"start":{"line":81,"column":55},"end":{"line":81,"column":77}},"line":81},"7":{"name":"(anonymous_7)","decl":{"start":{"line":88,"column":24},"end":{"line":88,"column":25}},"loc":{"start":{"line":88,"column":41},"end":{"line":106,"column":3}},"line":88},"8":{"name":"(anonymous_8)","decl":{"start":{"line":102,"column":48},"end":{"line":102,"column":49}},"loc":{"start":{"line":102,"column":55},"end":{"line":102,"column":77}},"line":102},"9":{"name":"(anonymous_9)","decl":{"start":{"line":108,"column":28},"end":{"line":108,"column":29}},"loc":{"start":{"line":108,"column":41},"end":{"line":131,"column":3}},"line":108},"10":{"name":"(anonymous_10)","decl":{"start":{"line":134,"column":23},"end":{"line":134,"column":24}},"loc":{"start":{"line":134,"column":38},"end":{"line":154,"column":3}},"line":134},"11":{"name":"(anonymous_11)","decl":{"start":{"line":149,"column":32},"end":{"line":149,"column":33}},"loc":{"start":{"line":149,"column":41},"end":{"line":149,"column":65}},"line":149},"12":{"name":"(anonymous_12)","decl":{"start":{"line":163,"column":140},"end":{"line":163,"column":141}},"loc":{"start":{"line":163,"column":145},"end":{"line":163,"column":174}},"line":163},"13":{"name":"(anonymous_13)","decl":{"start":{"line":174,"column":30},"end":{"line":174,"column":31}},"loc":{"start":{"line":175,"column":20},"end":{"line":183,"column":25}},"line":175},"14":{"name":"(anonymous_14)","decl":{"start":{"line":179,"column":37},"end":{"line":179,"column":38}},"loc":{"start":{"line":179,"column":43},"end":{"line":179,"column":63}},"line":179},"15":{"name":"(anonymous_15)","decl":{"start":{"line":203,"column":40},"end":{"line":203,"column":41}},"loc":{"start":{"line":204,"column":22},"end":{"line":220,"column":27}},"line":204},"16":{"name":"(anonymous_16)","decl":{"start":{"line":209,"column":37},"end":{"line":209,"column":38}},"loc":{"start":{"line":209,"column":43},"end":{"line":209,"column":63}},"line":209},"17":{"name":"(anonymous_17)","decl":{"start":{"line":215,"column":37},"end":{"line":215,"column":38}},"loc":{"start":{"line":215,"column":43},"end":{"line":215,"column":64}},"line":215}},"branchMap":{"0":{"loc":{"start":{"line":26,"column":8},"end":{"line":30,"column":9}},"type":"if","locations":[{"start":{"line":26,"column":8},"end":{"line":30,"column":9}},{"start":{},"end":{}}],"line":26},"1":{"loc":{"start":{"line":49,"column":8},"end":{"line":52,"column":9}},"type":"if","locations":[{"start":{"line":49,"column":8},"end":{"line":52,"column":9}},{"start":{},"end":{}}],"line":49},"2":{"loc":{"start":{"line":76,"column":6},"end":{"line":79,"column":7}},"type":"if","locations":[{"start":{"line":76,"column":6},"end":{"line":79,"column":7}},{"start":{},"end":{}}],"line":76},"3":{"loc":{"start":{"line":98,"column":6},"end":{"line":101,"column":7}},"type":"if","locations":[{"start":{"line":98,"column":6},"end":{"line":101,"column":7}},{"start":{},"end":{}}],"line":98},"4":{"loc":{"start":{"line":110,"column":4},"end":{"line":113,"column":5}},"type":"if","locations":[{"start":{"line":110,"column":4},"end":{"line":113,"column":5}},{"start":{},"end":{}}],"line":110},"5":{"loc":{"start":{"line":121,"column":6},"end":{"line":124,"column":7}},"type":"if","locations":[{"start":{"line":121,"column":6},"end":{"line":124,"column":7}},{"start":{},"end":{}}],"line":121},"6":{"loc":{"start":{"line":145,"column":6},"end":{"line":148,"column":7}},"type":"if","locations":[{"start":{"line":145,"column":6},"end":{"line":148,"column":7}},{"start":{},"end":{}}],"line":145},"7":{"loc":{"start":{"line":173,"column":19},"end":{"line":187,"column":19}},"type":"cond-expr","locations":[{"start":{"line":174,"column":18},"end":{"line":184,"column":20}},{"start":{"line":186,"column":20},"end":{"line":186,"column":74}}],"line":173},"8":{"loc":{"start":{"line":202,"column":19},"end":{"line":224,"column":19}},"type":"cond-expr","locations":[{"start":{"line":203,"column":20},"end":{"line":221,"column":22}},{"start":{"line":223,"column":20},"end":{"line":223,"column":73}}],"line":202}},"s":{"0":0,"1":0,"2":0,"3":0,"4":0,"5":0,"6":0,"7":0,"8":0,"9":0,"10":0,"11":0,"12":0,"13":0,"14":0,"15":0,"16":0,"17":0,"18":0,"19":0,"20":0,"21":0,"22":0,"23":0,"24":0,"25":0,"26":0,"27":0,"28":0,"29":0,"30":0,"31":0,"32":0,"33":0,"34":0,"35":0,"36":0,"37":0,"38":0,"39":0,"40":0,"41":0,"42":0,"43":0,"44":0,"45":0,"46":0,"47":0,"48":0,"49":0,"50":0,"51":0,"52":0,"53":0,"54":0,"55":0,"56":0,"57":0,"58":0,"59":0,"60":0,"61":0,"62":0,"63":0,"64":0,"65":0,"66":0,"67":0,"68":0,"69":0,"70":0,"71":0,"72":0,"73":0,"74":0,"75":0,"76":0,"77":0,"78":0,"79":0,"80":0,"81":0,"82":0,"83":0,"84":0,"85":0,"86":0,"87":0,"88":0,"89":0,"90":0},"f":{"0":0,"1":0,"2":0,"3":0,"4":0,"5":0,"6":0,"7":0,"8":0,"9":0,"10":0,"11":0,"12":0,"13":0,"14":0,"15":0,"16":0,"17":0},"b":{"0":[0,0],"1":[0,0],"2":[0,0],"3":[0,0],"4":[0,0],"5":[0,0],"6":[0,0],"7":[0,0],"8":[0,0]},"_coverageSchema":"1a1c01bbd47fc00a2c39e90264f33305004495a9","hash":"bbad298cb08bea4c988358f4a6285d49ac4da229"}
,"C:\\Users\\Amit\\OneDrive\\Desktop\\Habitify\\Frontend\\src\\pages\\Fyp.jsx": {"path":"C:\\Users\\Amit\\OneDrive\\Desktop\\Habitify\\Frontend\\src\\pages\\Fyp.jsx","statementMap":{"0":{"start":{"line":9,"column":32},"end":{"line":9,"column":47}},"1":{"start":{"line":10,"column":28},"end":{"line":10,"column":42}},"2":{"start":{"line":11,"column":2},"end":{"line":11,"column":30}},"3":{"start":{"line":12,"column":28},"end":{"line":12,"column":40}},"4":{"start":{"line":13,"column":38},"end":{"line":13,"column":57}},"5":{"start":{"line":14,"column":34},"end":{"line":14,"column":46}},"6":{"start":{"line":15,"column":38},"end":{"line":15,"column":52}},"7":{"start":{"line":16,"column":38},"end":{"line":16,"column":50}},"8":{"start":{"line":18,"column":2},"end":{"line":36,"column":8}},"9":{"start":{"line":19,"column":28},"end":{"line":34,"column":5}},"10":{"start":{"line":20,"column":8},"end":{"line":33,"column":9}},"11":{"start":{"line":21,"column":12},"end":{"line":21,"column":29}},"12":{"start":{"line":22,"column":24},"end":{"line":22,"column":59}},"13":{"start":{"line":23,"column":25},"end":{"line":23,"column":41}},"14":{"start":{"line":24,"column":12},"end":{"line":28,"column":13}},"15":{"start":{"line":25,"column":16},"end":{"line":25,"column":34}},"16":{"start":{"line":26,"column":16},"end":{"line":26,"column":39}},"17":{"start":{"line":27,"column":16},"end":{"line":27,"column":23}},"18":{"start":{"line":29,"column":12},"end":{"line":29,"column":33}},"19":{"start":{"line":31,"column":12},"end":{"line":31,"column":30}},"20":{"start":{"line":32,"column":12},"end":{"line":32,"column":36}},"21":{"start":{"line":35,"column":4},"end":{"line":35,"column":22}},"22":{"start":{"line":70,"column":21},"end":{"line":112,"column":3}},"23":{"start":{"line":71,"column":4},"end":{"line":71,"column":21}},"24":{"start":{"line":72,"column":4},"end":{"line":111,"column":5}},"25":{"start":{"line":73,"column":20},"end":{"line":79,"column":10}},"26":{"start":{"line":81,"column":21},"end":{"line":81,"column":37}},"27":{"start":{"line":83,"column":8},"end":{"line":87,"column":9}},"28":{"start":{"line":84,"column":12},"end":{"line":84,"column":30}},"29":{"start":{"line":85,"column":12},"end":{"line":85,"column":35}},"30":{"start":{"line":86,"column":12},"end":{"line":86,"column":19}},"31":{"start":{"line":89,"column":8},"end":{"line":89,"column":26}},"32":{"start":{"line":90,"column":8},"end":{"line":96,"column":10}},"33":{"start":{"line":91,"column":12},"end":{"line":95,"column":13}},"34":{"start":{"line":92,"column":16},"end":{"line":94,"column":26}},"35":{"start":{"line":98,"column":8},"end":{"line":106,"column":11}},"36":{"start":{"line":99,"column":29},"end":{"line":99,"column":47}},"37":{"start":{"line":100,"column":12},"end":{"line":104,"column":13}},"38":{"start":{"line":101,"column":16},"end":{"line":101,"column":40}},"39":{"start":{"line":103,"column":16},"end":{"line":103,"column":37}},"40":{"start":{"line":105,"column":12},"end":{"line":105,"column":28}},"41":{"start":{"line":109,"column":8},"end":{"line":109,"column":26}},"42":{"start":{"line":110,"column":8},"end":{"line":110,"column":32}},"43":{"start":{"line":115,"column":24},"end":{"line":138,"column":3}},"44":{"start":{"line":116,"column":4},"end":{"line":137,"column":5}},"45":{"start":{"line":117,"column":20},"end":{"line":123,"column":10}},"46":{"start":{"line":125,"column":21},"end":{"line":125,"column":37}},"47":{"start":{"line":127,"column":8},"end":{"line":129,"column":9}},"48":{"start":{"line":128,"column":12},"end":{"line":128,"column":72}},"49":{"start":{"line":131,"column":8},"end":{"line":134,"column":12}},"50":{"start":{"line":131,"column":31},"end":{"line":134,"column":9}},"51":{"start":{"line":136,"column":8},"end":{"line":136,"column":57}},"52":{"start":{"line":140,"column":27},"end":{"line":176,"column":3}},"53":{"start":{"line":141,"column":4},"end":{"line":141,"column":35}},"54":{"start":{"line":141,"column":28},"end":{"line":141,"column":35}},"55":{"start":{"line":143,"column":24},"end":{"line":146,"column":5}},"56":{"start":{"line":148,"column":4},"end":{"line":151,"column":8}},"57":{"start":{"line":148,"column":27},"end":{"line":151,"column":5}},"58":{"start":{"line":153,"column":4},"end":{"line":153,"column":22}},"59":{"start":{"line":155,"column":4},"end":{"line":175,"column":5}},"60":{"start":{"line":156,"column":20},"end":{"line":160,"column":10}},"61":{"start":{"line":162,"column":21},"end":{"line":162,"column":37}},"62":{"start":{"line":164,"column":8},"end":{"line":167,"column":9}},"63":{"start":{"line":165,"column":12},"end":{"line":165,"column":35}},"64":{"start":{"line":166,"column":12},"end":{"line":166,"column":19}},"65":{"start":{"line":168,"column":8},"end":{"line":171,"column":12}},"66":{"start":{"line":168,"column":31},"end":{"line":171,"column":9}},"67":{"start":{"line":170,"column":59},"end":{"line":170,"column":84}},"68":{"start":{"line":174,"column":8},"end":{"line":174,"column":54}},"69":{"start":{"line":178,"column":30},"end":{"line":208,"column":3}},"70":{"start":{"line":179,"column":4},"end":{"line":179,"column":21}},"71":{"start":{"line":180,"column":4},"end":{"line":207,"column":5}},"72":{"start":{"line":181,"column":18},"end":{"line":187,"column":8}},"73":{"start":{"line":189,"column":19},"end":{"line":189,"column":35}},"74":{"start":{"line":191,"column":6},"end":{"line":195,"column":7}},"75":{"start":{"line":192,"column":8},"end":{"line":192,"column":31}},"76":{"start":{"line":193,"column":8},"end":{"line":193,"column":26}},"77":{"start":{"line":194,"column":8},"end":{"line":194,"column":15}},"78":{"start":{"line":197,"column":6},"end":{"line":200,"column":10}},"79":{"start":{"line":197,"column":35},"end":{"line":200,"column":7}},"80":{"start":{"line":199,"column":65},"end":{"line":199,"column":90}},"81":{"start":{"line":201,"column":6},"end":{"line":201,"column":21}},"82":{"start":{"line":202,"column":6},"end":{"line":202,"column":24}},"83":{"start":{"line":205,"column":6},"end":{"line":205,"column":30}},"84":{"start":{"line":206,"column":6},"end":{"line":206,"column":24}},"85":{"start":{"line":211,"column":2},"end":{"line":299,"column":5}},"86":{"start":{"line":218,"column":14},"end":{"line":294,"column":20}},"87":{"start":{"line":231,"column":47},"end":{"line":231,"column":67}},"88":{"start":{"line":245,"column":24},"end":{"line":247,"column":25}},"89":{"start":{"line":246,"column":26},"end":{"line":246,"column":50}},"90":{"start":{"line":248,"column":24},"end":{"line":248,"column":81}},"91":{"start":{"line":264,"column":26},"end":{"line":269,"column":32}},"92":{"start":{"line":266,"column":93},"end":{"line":266,"column":125}},"93":{"start":{"line":283,"column":41},"end":{"line":283,"column":70}},"94":{"start":{"line":286,"column":39},"end":{"line":286,"column":65}}},"fnMap":{"0":{"name":"Fyp","decl":{"start":{"line":8,"column":24},"end":{"line":8,"column":27}},"loc":{"start":{"line":8,"column":30},"end":{"line":300,"column":1}},"line":8},"1":{"name":"(anonymous_1)","decl":{"start":{"line":18,"column":12},"end":{"line":18,"column":13}},"loc":{"start":{"line":18,"column":16},"end":{"line":36,"column":3}},"line":18},"2":{"name":"(anonymous_2)","decl":{"start":{"line":19,"column":28},"end":{"line":19,"column":29}},"loc":{"start":{"line":19,"column":37},"end":{"line":34,"column":5}},"line":19},"3":{"name":"(anonymous_3)","decl":{"start":{"line":70,"column":21},"end":{"line":70,"column":22}},"loc":{"start":{"line":70,"column":39},"end":{"line":112,"column":3}},"line":70},"4":{"name":"(anonymous_4)","decl":{"start":{"line":90,"column":17},"end":{"line":90,"column":18}},"loc":{"start":{"line":91,"column":12},"end":{"line":95,"column":13}},"line":91},"5":{"name":"(anonymous_5)","decl":{"start":{"line":91,"column":26},"end":{"line":91,"column":27}},"loc":{"start":{"line":92,"column":16},"end":{"line":94,"column":26}},"line":92},"6":{"name":"(anonymous_6)","decl":{"start":{"line":98,"column":22},"end":{"line":98,"column":23}},"loc":{"start":{"line":98,"column":37},"end":{"line":106,"column":9}},"line":98},"7":{"name":"(anonymous_7)","decl":{"start":{"line":115,"column":24},"end":{"line":115,"column":25}},"loc":{"start":{"line":115,"column":42},"end":{"line":138,"column":3}},"line":115},"8":{"name":"(anonymous_8)","decl":{"start":{"line":131,"column":20},"end":{"line":131,"column":21}},"loc":{"start":{"line":131,"column":31},"end":{"line":134,"column":9}},"line":131},"9":{"name":"(anonymous_9)","decl":{"start":{"line":140,"column":27},"end":{"line":140,"column":28}},"loc":{"start":{"line":140,"column":45},"end":{"line":176,"column":3}},"line":140},"10":{"name":"(anonymous_10)","decl":{"start":{"line":148,"column":16},"end":{"line":148,"column":17}},"loc":{"start":{"line":148,"column":27},"end":{"line":151,"column":5}},"line":148},"11":{"name":"(anonymous_11)","decl":{"start":{"line":168,"column":20},"end":{"line":168,"column":21}},"loc":{"start":{"line":168,"column":31},"end":{"line":171,"column":9}},"line":168},"12":{"name":"(anonymous_12)","decl":{"start":{"line":170,"column":54},"end":{"line":170,"column":55}},"loc":{"start":{"line":170,"column":59},"end":{"line":170,"column":84}},"line":170},"13":{"name":"(anonymous_13)","decl":{"start":{"line":178,"column":30},"end":{"line":178,"column":31}},"loc":{"start":{"line":178,"column":48},"end":{"line":208,"column":3}},"line":178},"14":{"name":"(anonymous_14)","decl":{"start":{"line":197,"column":18},"end":{"line":197,"column":19}},"loc":{"start":{"line":197,"column":35},"end":{"line":200,"column":7}},"line":197},"15":{"name":"(anonymous_15)","decl":{"start":{"line":199,"column":54},"end":{"line":199,"column":55}},"loc":{"start":{"line":199,"column":65},"end":{"line":199,"column":90}},"line":199},"16":{"name":"(anonymous_16)","decl":{"start":{"line":217,"column":23},"end":{"line":217,"column":24}},"loc":{"start":{"line":218,"column":14},"end":{"line":294,"column":20}},"line":218},"17":{"name":"(anonymous_17)","decl":{"start":{"line":231,"column":41},"end":{"line":231,"column":42}},"loc":{"start":{"line":231,"column":47},"end":{"line":231,"column":67}},"line":231},"18":{"name":"(anonymous_18)","decl":{"start":{"line":244,"column":31},"end":{"line":244,"column":32}},"loc":{"start":{"line":244,"column":37},"end":{"line":249,"column":23}},"line":244},"19":{"name":"(anonymous_19)","decl":{"start":{"line":263,"column":47},"end":{"line":263,"column":48}},"loc":{"start":{"line":264,"column":26},"end":{"line":269,"column":32}},"line":264},"20":{"name":"(anonymous_20)","decl":{"start":{"line":266,"column":89},"end":{"line":266,"column":90}},"loc":{"start":{"line":266,"column":93},"end":{"line":266,"column":125}},"line":266},"21":{"name":"(anonymous_21)","decl":{"start":{"line":283,"column":34},"end":{"line":283,"column":35}},"loc":{"start":{"line":283,"column":41},"end":{"line":283,"column":70}},"line":283},"22":{"name":"(anonymous_22)","decl":{"start":{"line":286,"column":33},"end":{"line":286,"column":34}},"loc":{"start":{"line":286,"column":39},"end":{"line":286,"column":65}},"line":286}},"branchMap":{"0":{"loc":{"start":{"line":24,"column":12},"end":{"line":28,"column":13}},"type":"if","locations":[{"start":{"line":24,"column":12},"end":{"line":28,"column":13}},{"start":{},"end":{}}],"line":24},"1":{"loc":{"start":{"line":83,"column":8},"end":{"line":87,"column":9}},"type":"if","locations":[{"start":{"line":83,"column":8},"end":{"line":87,"column":9}},{"start":{},"end":{}}],"line":83},"2":{"loc":{"start":{"line":92,"column":16},"end":{"line":94,"column":26}},"type":"cond-expr","locations":[{"start":{"line":93,"column":22},"end":{"line":93,"column":56}},{"start":{"line":94,"column":22},"end":{"line":94,"column":26}}],"line":92},"3":{"loc":{"start":{"line":100,"column":12},"end":{"line":104,"column":13}},"type":"if","locations":[{"start":{"line":100,"column":12},"end":{"line":104,"column":13}},{"start":{"line":102,"column":19},"end":{"line":104,"column":13}}],"line":100},"4":{"loc":{"start":{"line":127,"column":8},"end":{"line":129,"column":9}},"type":"if","locations":[{"start":{"line":127,"column":8},"end":{"line":129,"column":9}},{"start":{},"end":{}}],"line":127},"5":{"loc":{"start":{"line":128,"column":28},"end":{"line":128,"column":70}},"type":"binary-expr","locations":[{"start":{"line":128,"column":28},"end":{"line":128,"column":40}},{"start":{"line":128,"column":44},"end":{"line":128,"column":70}}],"line":128},"6":{"loc":{"start":{"line":141,"column":4},"end":{"line":141,"column":35}},"type":"if","locations":[{"start":{"line":141,"column":4},"end":{"line":141,"column":35}},{"start":{},"end":{}}],"line":141},"7":{"loc":{"start":{"line":150,"column":23},"end":{"line":150,"column":41}},"type":"binary-expr","locations":[{"start":{"line":150,"column":23},"end":{"line":150,"column":35}},{"start":{"line":150,"column":39},"end":{"line":150,"column":41}}],"line":150},"8":{"loc":{"start":{"line":164,"column":8},"end":{"line":167,"column":9}},"type":"if","locations":[{"start":{"line":164,"column":8},"end":{"line":167,"column":9}},{"start":{},"end":{}}],"line":164},"9":{"loc":{"start":{"line":164,"column":12},"end":{"line":164,"column":36}},"type":"binary-expr","locations":[{"start":{"line":164,"column":12},"end":{"line":164,"column":19}},{"start":{"line":164,"column":23},"end":{"line":164,"column":36}}],"line":164},"10":{"loc":{"start":{"line":170,"column":27},"end":{"line":170,"column":45}},"type":"binary-expr","locations":[{"start":{"line":170,"column":27},"end":{"line":170,"column":39}},{"start":{"line":170,"column":43},"end":{"line":170,"column":45}}],"line":170},"11":{"loc":{"start":{"line":191,"column":6},"end":{"line":195,"column":7}},"type":"if","locations":[{"start":{"line":191,"column":6},"end":{"line":195,"column":7}},{"start":{},"end":{}}],"line":191},"12":{"loc":{"start":{"line":221,"column":20},"end":{"line":221,"column":83}},"type":"cond-expr","locations":[{"start":{"line":221,"column":46},"end":{"line":221,"column":70}},{"start":{"line":221,"column":73},"end":{"line":221,"column":83}}],"line":221},"13":{"loc":{"start":{"line":222,"column":39},"end":{"line":222,"column":93}},"type":"cond-expr","locations":[{"start":{"line":222,"column":65},"end":{"line":222,"column":82}},{"start":{"line":222,"column":85},"end":{"line":222,"column":93}}],"line":222},"14":{"loc":{"start":{"line":232,"column":126},"end":{"line":232,"column":182}},"type":"cond-expr","locations":[{"start":{"line":232,"column":153},"end":{"line":232,"column":167}},{"start":{"line":232,"column":170},"end":{"line":232,"column":182}}],"line":232},"15":{"loc":{"start":{"line":245,"column":24},"end":{"line":247,"column":25}},"type":"if","locations":[{"start":{"line":245,"column":24},"end":{"line":247,"column":25}},{"start":{},"end":{}}],"line":245},"16":{"loc":{"start":{"line":248,"column":38},"end":{"line":248,"column":79}},"type":"cond-expr","locations":[{"start":{"line":248,"column":64},"end":{"line":248,"column":68}},{"start":{"line":248,"column":71},"end":{"line":248,"column":79}}],"line":248},"17":{"loc":{"start":{"line":252,"column":23},"end":{"line":252,"column":83}},"type":"cond-expr","locations":[{"start":{"line":252,"column":49},"end":{"line":252,"column":65}},{"start":{"line":252,"column":68},"end":{"line":252,"column":83}}],"line":252},"18":{"loc":{"start":{"line":258,"column":17},"end":{"line":293,"column":17}},"type":"binary-expr","locations":[{"start":{"line":258,"column":17},"end":{"line":258,"column":40}},{"start":{"line":259,"column":18},"end":{"line":292,"column":24}}],"line":258},"19":{"loc":{"start":{"line":262,"column":23},"end":{"line":273,"column":23}},"type":"cond-expr","locations":[{"start":{"line":263,"column":24},"end":{"line":270,"column":26}},{"start":{"line":272,"column":24},"end":{"line":272,"column":73}}],"line":262},"20":{"loc":{"start":{"line":262,"column":23},"end":{"line":262,"column":74}},"type":"binary-expr","locations":[{"start":{"line":262,"column":23},"end":{"line":262,"column":41}},{"start":{"line":262,"column":45},"end":{"line":262,"column":74}}],"line":262},"21":{"loc":{"start":{"line":265,"column":55},"end":{"line":265,"column":96}},"type":"binary-expr","locations":[{"start":{"line":265,"column":55},"end":{"line":265,"column":70}},{"start":{"line":265,"column":74},"end":{"line":265,"column":96}}],"line":265}},"s":{"0":0,"1":0,"2":0,"3":0,"4":0,"5":0,"6":0,"7":0,"8":0,"9":0,"10":0,"11":0,"12":0,"13":0,"14":0,"15":0,"16":0,"17":0,"18":0,"19":0,"20":0,"21":0,"22":0,"23":0,"24":0,"25":0,"26":0,"27":0,"28":0,"29":0,"30":0,"31":0,"32":0,"33":0,"34":0,"35":0,"36":0,"37":0,"38":0,"39":0,"40":0,"41":0,"42":0,"43":0,"44":0,"45":0,"46":0,"47":0,"48":0,"49":0,"50":0,"51":0,"52":0,"53":0,"54":0,"55":0,"56":0,"57":0,"58":0,"59":0,"60":0,"61":0,"62":0,"63":0,"64":0,"65":0,"66":0,"67":0,"68":0,"69":0,"70":0,"71":0,"72":0,"73":0,"74":0,"75":0,"76":0,"77":0,"78":0,"79":0,"80":0,"81":0,"82":0,"83":0,"84":0,"85":0,"86":0,"87":0,"88":0,"89":0,"90":0,"91":0,"92":0,"93":0,"94":0},"f":{"0":0,"1":0,"2":0,"3":0,"4":0,"5":0,"6":0,"7":0,"8":0,"9":0,"10":0,"11":0,"12":0,"13":0,"14":0,"15":0,"16":0,"17":0,"18":0,"19":0,"20":0,"21":0,"22":0},"b":{"0":[0,0],"1":[0,0],"2":[0,0],"3":[0,0],"4":[0,0],"5":[0,0],"6":[0,0],"7":[0,0],"8":[0,0],"9":[0,0],"10":[0,0],"11":[0,0],"12":[0,0],"13":[0,0],"14":[0,0],"15":[0,0],"16":[0,0],"17":[0,0],"18":[0,0],"19":[0,0],"20":[0,0],"21":[0,0]},"_coverageSchema":"1a1c01bbd47fc00a2c39e90264f33305004495a9","hash":"e349f181f0c1005818b99463885ecee2d1859b4a"}
[...]
ine":60,"column":19},"end":{"line":60,"column":29}},"33":{"start":{"line":61,"column":6},"end":{"line":61,"column":24}},"34":{"start":{"line":62,"column":6},"end":{"line":64,"column":7}},"35":{"start":{"line":63,"column":8},"end":{"line":63,"column":64}},"36":{"start":{"line":65,"column":6},"end":{"line":65,"column":24}},"37":{"start":{"line":66,"column":6},"end":{"line":66,"column":29}},"38":{"start":{"line":68,"column":6},"end":{"line":68,"column":30}},"39":{"start":{"line":69,"column":6},"end":{"line":69,"column":24}},"40":{"start":{"line":73,"column":2},"end":{"line":73,"column":27}},"41":{"start":{"line":75,"column":2},"end":{"line":140,"column":6}}},"fnMap":{"0":{"name":"Profile","decl":{"start":{"line":6,"column":24},"end":{"line":6,"column":31}},"loc":{"start":{"line":6,"column":34},"end":{"line":141,"column":1}},"line":6},"1":{"name":"(anonymous_1)","decl":{"start":{"line":8,"column":34},"end":{"line":8,"column":35}},"loc":{"start":{"line":8,"column":43},"end":{"line":8,"column":53}},"line":8},"2":{"name":"(anonymous_2)","decl":{"start":{"line":17,"column":24},"end":{"line":17,"column":25}},"loc":{"start":{"line":17,"column":33},"end":{"line":31,"column":3}},"line":17},"3":{"name":"(anonymous_3)","decl":{"start":{"line":33,"column":23},"end":{"line":33,"column":24}},"loc":{"start":{"line":33,"column":28},"end":{"line":46,"column":3}},"line":33},"4":{"name":"(anonymous_4)","decl":{"start":{"line":42,"column":16},"end":{"line":42,"column":17}},"loc":{"start":{"line":42,"column":29},"end":{"line":45,"column":5}},"line":42},"5":{"name":"(anonymous_5)","decl":{"start":{"line":47,"column":23},"end":{"line":47,"column":24}},"loc":{"start":{"line":47,"column":33},"end":{"line":71,"column":3}},"line":47}},"branchMap":{"0":{"loc":{"start":{"line":22,"column":6},"end":{"line":25,"column":7}},"type":"if","locations":[{"start":{"line":22,"column":6},"end":{"line":25,"column":7}},{"start":{},"end":{}}],"line":22},"1":{"loc":{"start":{"line":39,"column":4},"end":{"line":41,"column":5}},"type":"if","locations":[{"start":{"line":39,"column":4},"end":{"line":41,"column":5}},{"start":{},"end":{}}],"line":39},"2":{"loc":{"start":{"line":39,"column":7},"end":{"line":39,"column":53}},"type":"binary-expr","locations":[{"start":{"line":39,"column":7},"end":{"line":39,"column":21}},{"start":{"line":39,"column":25},"end":{"line":39,"column":53}}],"line":39},"3":{"loc":{"start":{"line":62,"column":6},"end":{"line":64,"column":7}},"type":"if","locations":[{"start":{"line":62,"column":6},"end":{"line":64,"column":7}},{"start":{},"end":{}}],"line":62},"4":{"loc":{"start":{"line":118,"column":11},"end":{"line":118,"column":71}},"type":"binary-expr","locations":[{"start":{"line":118,"column":11},"end":{"line":118,"column":16}},{"start":{"line":118,"column":20},"end":{"line":118,"column":71}}],"line":118},"5":{"loc":{"start":{"line":120,"column":123},"end":{"line":120,"column":154}},"type":"binary-expr","locations":[{"start":{"line":120,"column":123},"end":{"line":120,"column":130}},{"start":{"line":120,"column":134},"end":{"line":120,"column":154}}],"line":120},"6":{"loc":{"start":{"line":121,"column":15},"end":{"line":121,"column":56}},"type":"cond-expr","locations":[{"start":{"line":121,"column":25},"end":{"line":121,"column":37}},{"start":{"line":121,"column":40},"end":{"line":121,"column":56}}],"line":121},"7":{"loc":{"start":{"line":137,"column":52},"end":{"line":137,"column":70}},"type":"cond-expr","locations":[{"start":{"line":137,"column":60},"end":{"line":137,"column":65}},{"start":{"line":137,"column":68},"end":{"line":137,"column":70}}],"line":137},"8":{"loc":{"start":{"line":138,"column":54},"end":{"line":138,"column":104}},"type":"cond-expr","locations":[{"start":{"line":138,"column":70},"end":{"line":138,"column":99}},{"start":{"line":138,"column":102},"end":{"line":138,"column":104}}],"line":138}},"s":{"0":0,"1":0,"2":0,"3":0,"4":0,"5":0,"6":0,"7":0,"8":0,"9":0,"10":0,"11":0,"12":0,"13":0,"14":0,"15":0,"16":0,"17":0,"18":0,"19":0,"20":0,"21":0,"22":0,"23":0,"24":0,"25":0,"26":0,"27":0,"28":0,"29":0,"30":0,"31":0,"32":0,"33":0,"34":0,"35":0,"36":0,"37":0,"38":0,"39":0,"40":0,"41":0},"f":{"0":0,"1":0,"2":0,"3":0,"4":0,"5":0},"b":{"0":[0,0],"1":[0,0],"2":[0,0],"3":[0,0],"4":[0,0],"5":[0,0],"6":[0,0],"7":[0,0],"8":[0,0]},"_coverageSchema":"1a1c01bbd47fc00a2c39e90264f33305004495a9","hash":"3196ee4271fbe483a36058ccb4532a289c3b8bac"}
,"C:\\Users\\Amit\\OneDrive\\Desktop\\Habitify\\Frontend\\src\\pages\\Signin.jsx": {"path":"C:\\Users\\Amit\\OneDrive\\Desktop\\Habitify\\Frontend\\src\\pages\\Signin.jsx","statementMap":{"0":{"start":{"line":8,"column":27},"end":{"line":8,"column":59}},"1":{"start":{"line":8,"column":48},"end":{"line":8,"column":58}},"2":{"start":{"line":9,"column":34},"end":{"line":9,"column":46}},"3":{"start":{"line":10,"column":19},"end":{"line":10,"column":32}},"4":{"start":{"line":14,"column":19},"end":{"line":14,"column":32}},"5":{"start":{"line":16,"column":23},"end":{"line":21,"column":3}},"6":{"start":{"line":17,"column":4},"end":{"line":20,"column":7}},"7":{"start":{"line":23,"column":23},"end":{"line":53,"column":3}},"8":{"start":{"line":25,"column":6},"end":{"line":52,"column":5}},"9":{"start":{"line":26,"column":8},"end":{"line":26,"column":27}},"10":{"start":{"line":28,"column":8},"end":{"line":28,"column":32}},"11":{"start":{"line":29,"column":20},"end":{"line":35,"column":10}},"12":{"start":{"line":36,"column":21},"end":{"line":36,"column":37}},"13":{"start":{"line":38,"column":8},"end":{"line":43,"column":9}},"14":{"start":{"line":41,"column":12},"end":{"line":41,"column":50}},"15":{"start":{"line":42,"column":12},"end":{"line":42,"column":19}},"16":{"start":{"line":46,"column":8},"end":{"line":46,"column":38}},"17":{"start":{"line":47,"column":8},"end":{"line":47,"column":47}},"18":{"start":{"line":51,"column":8},"end":{"line":51,"column":48}},"19":{"start":{"line":55,"column":2},"end":{"line":83,"column":8}}},"fnMap":{"0":{"name":"Signin","decl":{"start":{"line":6,"column":24},"end":{"line":6,"column":30}},"loc":{"start":{"line":6,"column":33},"end":{"line":84,"column":1}},"line":6},"1":{"name":"(anonymous_1)","decl":{"start":{"line":8,"column":39},"end":{"line":8,"column":40}},"loc":{"start":{"line":8,"column":48},"end":{"line":8,"column":58}},"line":8},"2":{"name":"(anonymous_2)","decl":{"start":{"line":16,"column":23},"end":{"line":16,"column":24}},"loc":{"start":{"line":16,"column":28},"end":{"line":21,"column":3}},"line":16},"3":{"name":"(anonymous_3)","decl":{"start":{"line":23,"column":23},"end":{"line":23,"column":24}},"loc":{"start":{"line":23,"column":33},"end":{"line":53,"column":3}},"line":23}},"branchMap":{"0":{"loc":{"start":{"line":38,"column":8},"end":{"line":43,"column":9}},"type":"if","locations":[{"start":{"line":38,"column":8},"end":{"line":43,"column":9}},{"start":{},"end":{}}],"line":38},"1":{"loc":{"start":{"line":72,"column":13},"end":{"line":72,"column":73}},"type":"binary-expr","locations":[{"start":{"line":72,"column":13},"end":{"line":72,"column":18}},{"start":{"line":72,"column":22},"end":{"line":72,"column":73}}],"line":72},"2":{"loc":{"start":{"line":74,"column":125},"end":{"line":74,"column":156}},"type":"binary-expr","locations":[{"start":{"line":74,"column":125},"end":{"line":74,"column":132}},{"start":{"line":74,"column":136},"end":{"line":74,"column":156}}],"line":74},"3":{"loc":{"start":{"line":75,"column":17},"end":{"line":75,"column":50}},"type":"cond-expr","locations":[{"start":{"line":75,"column":27},"end":{"line":75,"column":39}},{"start":{"line":75,"column":42},"end":{"line":75,"column":50}}],"line":75}},"s":{"0":0,"1":0,"2":0,"3":0,"4":0,"5":0,"6":0,"7":0,"8":0,"9":0,"10":0,"11":0,"12":0,"13":0,"14":0,"15":0,"16":0,"17":0,"18":0,"19":0},"f":{"0":0,"1":0,"2":0,"3":0},"b":{"0":[0,0],"1":[0,0],"2":[0,0],"3":[0,0]},"_coverageSchema":"1a1c01bbd47fc00a2c39e90264f33305004495a9","hash":"1e850092a56885a266e59303c4256c59bde9244d"}
,"C:\\Users\\Amit\\OneDrive\\Desktop\\Habitify\\Frontend\\src\\pages\\Signup.jsx": {"path":"C:\\Users\\Amit\\OneDrive\\Desktop\\Habitify\\Frontend\\src\\pages\\Signup.jsx","statementMap":{"0":{"start":{"line":5,"column":19},"end":{"line":5,"column":32}},"1":{"start":{"line":6,"column":19},"end":{"line":6,"column":32}},"2":{"start":{"line":8,"column":17},"end":{"line":8,"column":38}},"3":{"start":{"line":9,"column":14},"end":{"line":9,"column":18}},"4":{"start":{"line":10,"column":34},"end":{"line":16,"column":4}},"5":{"start":{"line":17,"column":28},"end":{"line":17,"column":42}},"6":{"start":{"line":18,"column":32},"end":{"line":18,"column":47}},"7":{"start":{"line":19,"column":2},"end":{"line":19,"column":24}},"8":{"start":{"line":21,"column":23},"end":{"line":27,"column":3}},"9":{"start":{"line":22,"column":4},"end":{"line":25,"column":7}},"10":{"start":{"line":29,"column":23},"end":{"line":56,"column":3}},"11":{"start":{"line":30,"column":4},"end":{"line":30,"column":23}},"12":{"start":{"line":31,"column":4},"end":{"line":55,"column":5}},"13":{"start":{"line":32,"column":8},"end":{"line":32,"column":25}},"14":{"start":{"line":33,"column":8},"end":{"line":33,"column":41}},"15":{"start":{"line":34,"column":8},"end":{"line":34,"column":31}},"16":{"start":{"line":35,"column":20},"end":{"line":41,"column":10}},"17":{"start":{"line":42,"column":21},"end":{"line":42,"column":37}},"18":{"start":{"line":43,"column":8},"end":{"line":47,"column":9}},"19":{"start":{"line":44,"column":12},"end":{"line":44,"column":27}},"20":{"start":{"line":45,"column":12},"end":{"line":45,"column":30}},"21":{"start":{"line":46,"column":12},"end":{"line":46,"column":19}},"22":{"start":{"line":48,"column":8},"end":{"line":48,"column":23}},"23":{"start":{"line":49,"column":8},"end":{"line":49,"column":26}},"24":{"start":{"line":50,"column":8},"end":{"line":50,"column":56}},"25":{"start":{"line":53,"column":8},"end":{"line":53,"column":32}},"26":{"start":{"line":54,"column":8},"end":{"line":54,"column":26}},"27":{"start":{"line":57,"column":2},"end":{"line":121,"column":8}}},"fnMap":{"0":{"name":"Signup","decl":{"start":{"line":4,"column":24},"end":{"line":4,"column":30}},"loc":{"start":{"line":4,"column":33},"end":{"line":122,"column":1}},"line":4},"1":{"name":"(anonymous_1)","decl":{"start":{"line":21,"column":23},"end":{"line":21,"column":24}},"loc":{"start":{"line":21,"column":30},"end":{"line":27,"column":3}},"line":21},"2":{"name":"(anonymous_2)","decl":{"start":{"line":29,"column":23},"end":{"line":29,"column":24}},"loc":{"start":{"line":29,"column":33},"end":{"line":56,"column":3}},"line":29}},"branchMap":{"0":{"loc":{"start":{"line":33,"column":16},"end":{"line":33,"column":40}},"type":"binary-expr","locations":[{"start":{"line":33,"column":16},"end":{"line":33,"column":22}},{"start":{"line":33,"column":26},"end":{"line":33,"column":40}}],"line":33},"1":{"loc":{"start":{"line":43,"column":8},"end":{"line":47,"column":9}},"type":"if","locations":[{"start":{"line":43,"column":8},"end":{"line":47,"column":9}},{"start":{},"end":{}}],"line":43},"2":{"loc":{"start":{"line":103,"column":13},"end":{"line":110,"column":13}},"type":"binary-expr","locations":[{"start":{"line":103,"column":13},"end":{"line":103,"column":18}},{"start":{"line":104,"column":16},"end":{"line":106,"column":20}}],"line":103},"3":{"loc":{"start":{"line":105,"column":17},"end":{"line":105,"column":69}},"type":"cond-expr","locations":[{"start":{"line":105,"column":45},"end":{"line":105,"column":50}},{"start":{"line":105,"column":53},"end":{"line":105,"column":69}}],"line":105},"4":{"loc":{"start":{"line":112,"column":125},"end":{"line":112,"column":156}},"type":"binary-expr","locations":[{"start":{"line":112,"column":125},"end":{"line":112,"column":132}},{"start":{"line":112,"column":136},"end":{"line":112,"column":156}}],"line":112},"5":{"loc":{"start":{"line":113,"column":17},"end":{"line":113,"column":51}},"type":"cond-expr","locations":[{"start":{"line":113,"column":27},"end":{"line":113,"column":39}},{"start":{"line":113,"column":42},"end":{"line":113,"column":51}}],"line":113}},"s":{"0":156,"1":156,"2":156,"3":156,"4":156,"5":156,"6":156,"7":156,"8":156,"9":143,"10":156,"11":3,"12":3,"13":3,"14":3,"15":3,"16":3,"17":3,"18":3,"19":1,"20":1,"21":1,"22":2,"23":2,"24":2,"25":0,"26":0,"27":156},"f":{"0":156,"1":143,"2":3},"b":{"0":[3,2],"1":[1,2],"2":[156,1],"3":[0,1],"4":[156,3],"5":[3,153]},"_coverageSchema":"1a1c01bbd47fc00a2c39e90264f33305004495a9","hash":"570563dde565c23b5679f91a201bfd071b9e1ded"}
,"C:\\Users\\Amit\\OneDrive\\Desktop\\Habitify\\Frontend\\src\\pages\\Verification.jsx": {"path":"C:\\Users\\Amit\\OneDrive\\Desktop\\Habitify\\Frontend\\src\\pages\\Verification.jsx","statementMap":{"0":{"start":{"line":7,"column":19},"end":{"line":7,"column":32}},"1":{"start":{"line":8,"column":16},"end":{"line":8,"column":37}},"2":{"start":{"line":9,"column":19},"end":{"line":9,"column":43}},"3":{"start":{"line":11,"column":28},"end":{"line":11,"column":42}},"4":{"start":{"line":13,"column":19},"end":{"line":13,"column":32}},"5":{"start":{"line":14,"column":24},"end":{"line":14,"column":36}},"6":{"start":{"line":15,"column":28},"end":{"line":15,"column":40}},"7":{"start":{"line":16,"column":50},"end":{"line":16,"column":64}},"8":{"start":{"line":18,"column":2},"end":{"line":27,"column":14}},"9":{"start":{"line":19,"column":4},"end":{"line":26,"column":5}},"10":{"start":{"line":20,"column":23},"end":{"line":22,"column":14}},"11":{"start":{"line":21,"column":8},"end":{"line":21,"column":37}},"12":{"start":{"line":21,"column":27},"end":{"line":21,"column":35}},"13":{"start":{"line":23,"column":6},"end":{"line":23,"column":43}},"14":{"start":{"line":23,"column":19},"end":{"line":23,"column":42}},"15":{"start":{"line":25,"column":6},"end":{"line":25,"column":33}},"16":{"start":{"line":29,"column":2},"end":{"line":29,"column":21}},"17":{"start":{"line":31,"column":20},"end":{"line":54,"column":3}},"18":{"start":{"line":33,"column":4},"end":{"line":33,"column":17}},"19":{"start":{"line":34,"column":4},"end":{"line":34,"column":30}},"20":{"start":{"line":35,"column":4},"end":{"line":53,"column":5}},"21":{"start":{"line":36,"column":20},"end":{"line":42,"column":10}},"22":{"start":{"line":43,"column":21},"end":{"line":43,"column":37}},"23":{"start":{"line":44,"column":8},"end":{"line":48,"column":9}},"24":{"start":{"line":45,"column":12},"end":{"line":45,"column":27}},"25":{"start":{"line":47,"column":12},"end":{"line":47,"column":19}},"26":{"start":{"line":49,"column":8},"end":{"line":49,"column":23}},"27":{"start":{"line":52,"column":8},"end":{"line":52,"column":32}},"28":{"start":{"line":56,"column":20},"end":{"line":81,"column":3}},"29":{"start":{"line":57,"column":4},"end":{"line":57,"column":23}},"30":{"start":{"line":58,"column":4},"end":{"line":58,"column":19}},"31":{"start":{"line":59,"column":4},"end":{"line":62,"column":5}},"32":{"start":{"line":60,"column":8},"end":{"line":60,"column":58}},"33":{"start":{"line":61,"column":8},"end":{"line":61,"column":15}},"34":{"start":{"line":63,"column":4},"end":{"line":80,"column":5}},"35":{"start":{"line":64,"column":20},"end":{"line":70,"column":10}},"36":{"start":{"line":71,"column":21},"end":{"line":71,"column":37}},"37":{"start":{"line":72,"column":8},"end":{"line":75,"column":9}},"38":{"start":{"line":73,"column":12},"end":{"line":73,"column":35}},"39":{"start":{"line":74,"column":12},"end":{"line":74,"column":19}},"40":{"start":{"line":76,"column":8},"end":{"line":76,"column":28}},"41":{"start":{"line":78,"column":8},"end":{"line":78,"column":32}},"42":{"start":{"line":79,"column":8},"end":{"line":79,"column":15}},"43":{"start":{"line":82,"column":2},"end":{"line":82,"column":31}},"44":{"start":{"line":84,"column":2},"end":{"line":84,"column":21}},"45":{"start":{"line":87,"column":2},"end":{"line":129,"column":3}},"46":{"start":{"line":102,"column":45},"end":{"line":102,"column":58}}},"fnMap":{"0":{"name":"Verification","decl":{"start":{"line":5,"column":24},"end":{"line":5,"column":36}},"loc":{"start":{"line":5,"column":39},"end":{"line":130,"column":1}},"line":5},"1":{"name":"(anonymous_1)","decl":{"start":{"line":18,"column":12},"end":{"line":18,"column":13}},"loc":{"start":{"line":18,"column":18},"end":{"line":27,"column":3}},"line":18},"2":{"name":"(anonymous_2)","decl":{"start":{"line":20,"column":35},"end":{"line":20,"column":36}},"loc":{"start":{"line":20,"column":41},"end":{"line":22,"column":7}},"line":20},"3":{"name":"(anonymous_3)","decl":{"start":{"line":21,"column":17},"end":{"line":21,"column":18}},"loc":{"start":{"line":21,"column":27},"end":{"line":21,"column":35}},"line":21},"4":{"name":"(anonymous_4)","decl":{"start":{"line":23,"column":13},"end":{"line":23,"column":14}},"loc":{"start":{"line":23,"column":19},"end":{"line":23,"column":42}},"line":23},"5":{"name":"(anonymous_5)","decl":{"start":{"line":31,"column":20},"end":{"line":31,"column":21}},"loc":{"start":{"line":31,"column":29},"end":{"line":54,"column":3}},"line":31},"6":{"name":"(anonymous_6)","decl":{"start":{"line":56,"column":20},"end":{"line":56,"column":21}},"loc":{"start":{"line":56,"column":30},"end":{"line":81,"column":3}},"line":56},"7":{"name":"(anonymous_7)","decl":{"start":{"line":102,"column":34},"end":{"line":102,"column":35}},"loc":{"start":{"line":102,"column":45},"end":{"line":102,"column":58}},"line":102}},"branchMap":{"0":{"loc":{"start":{"line":19,"column":4},"end":{"line":26,"column":5}},"type":"if","locations":[{"start":{"line":19,"column":4},"end":{"line":26,"column":5}},{"start":{"line":24,"column":11},"end":{"line":26,"column":5}}],"line":19},"1":{"loc":{"start":{"line":44,"column":8},"end":{"line":48,"column":9}},"type":"if","locations":[{"start":{"line":44,"column":8},"end":{"line":48,"column":9}},{"start":{},"end":{}}],"line":44},"2":{"loc":{"start":{"line":59,"column":4},"end":{"line":62,"column":5}},"type":"if","locations":[{"start":{"line":59,"column":4},"end":{"line":62,"column":5}},{"start":{},"end":{}}],"line":59},"3":{"loc":{"start":{"line":72,"column":8},"end":{"line":75,"column":9}},"type":"if","locations":[{"start":{"line":72,"column":8},"end":{"line":75,"column":9}},{"start":{},"end":{}}],"line":72},"4":{"loc":{"start":{"line":89,"column":9},"end":{"line":123,"column":18}},"type":"binary-expr","locations":[{"start":{"line":89,"column":9},"end":{"line":89,"column":14}},{"start":{"line":90,"column":12},"end":{"line":123,"column":18}}],"line":89},"5":{"loc":{"start":{"line":107,"column":21},"end":{"line":107,"column":81}},"type":"binary-expr","locations":[{"start":{"line":107,"column":21},"end":{"line":107,"column":26}},{"start":{"line":107,"column":30},"end":{"line":107,"column":81}}],"line":107},"6":{"loc":{"start":{"line":110,"column":39},"end":{"line":110,"column":101}},"type":"cond-expr","locations":[{"start":{"line":110,"column":51},"end":{"line":110,"column":91}},{"start":{"line":110,"column":94},"end":{"line":110,"column":101}}],"line":110},"7":{"loc":{"start":{"line":110,"column":57},"end":{"line":110,"column":89}},"type":"cond-expr","locations":[{"start":{"line":110,"column":70},"end":{"line":110,"column":81}},{"start":{"line":110,"column":84},"end":{"line":110,"column":89}}],"line":110},"8":{"loc":{"start":{"line":118,"column":57},"end":{"line":118,"column":127}},"type":"cond-expr","locations":[{"start":{"line":118,"column":76},"end":{"line":118,"column":107}},{"start":{"line":118,"column":110},"end":{"line":118,"column":127}}],"line":118}},"s":{"0":0,"1":0,"2":0,"3":0,"4":0,"5":0,"6":0,"7":0,"8":0,"9":0,"10":0,"11":0,"12":0,"13":0,"14":0,"15":0,"16":0,"17":0,"18":0,"19":0,"20":0,"21":0,"22":0,"23":0,"24":0,"25":0,"26":0,"27":0,"28":0,"29":0,"30":0,"31":0,"32":0,"33":0,"34":0,"35":0,"36":0,"37":0,"38":0,"39":0,"40":0,"41":0,"42":0,"43":0,"44":0,"45":0,"46":0},"f":{"0":0,"1":0,"2":0,"3":0,"4":0,"5":0,"6":0,"7":0},"b":{"0":[0,0],"1":[0,0],"2":[0,0],"3":[0,0],"4":[0,0],"5":[0,0],"6":[0,0],"7":[0,0],"8":[0,0]},"_coverageSchema":"1a1c01bbd47fc00a2c39e90264f33305004495a9","hash":"57cea5e8ea926631b068dbf2f368490fd685f0f3"}
}
